2021-08-18T15:39:46+00:00 CRITICAL Uncaught Error: Call to undefined function the_sort_code() in /var/www/html/Imperial/wp-content/themes/Imperial/index.php:123
Stack trace:
#0 /var/www/html/Imperial/wp-includes/template-loader.php(106): include()
#1 /var/www/html/Imperial/wp-blog-header.php(19): require_once('/var/www/html/I...')
#2 /var/www/html/Imperial/index.php(17): require('/var/www/html/I...')
#3 {main}
  thrown in /var/www/html/Imperial/wp-content/themes/Imperial/index.php on line 123

2021-08-18T15:39:46+00:00 CRITICAL Uncaught Error: Call to undefined function the_sort_code() in /var/www/html/Imperial/wp-content/themes/Imperial/index.php:123
Stack trace:
#0 /var/www/html/Imperial/wp-includes/template-loader.php(106): include()
#1 /var/www/html/Imperial/wp-blog-header.php(19): require_once('/var/www/html/I...')
#2 /var/www/html/Imperial/index.php(17): require('/var/www/html/I...')
#3 {main}
  thrown in /var/www/html/Imperial/wp-content/themes/Imperial/index.php on line 123

2021-08-18T15:39:52+00:00 CRITICAL Uncaught Error: Call to undefined function the_sort_code() in /var/www/html/Imperial/wp-content/themes/Imperial/index.php:123
Stack trace:
#0 /var/www/html/Imperial/wp-includes/template-loader.php(106): include()
#1 /var/www/html/Imperial/wp-blog-header.php(19): require_once('/var/www/html/I...')
#2 /var/www/html/Imperial/index.php(17): require('/var/www/html/I...')
#3 {main}
  thrown in /var/www/html/Imperial/wp-content/themes/Imperial/index.php on line 123

2021-08-18T15:39:52+00:00 CRITICAL Uncaught Error: Call to undefined function the_sort_code() in /var/www/html/Imperial/wp-content/themes/Imperial/index.php:123
Stack trace:
#0 /var/www/html/Imperial/wp-includes/template-loader.php(106): include()
#1 /var/www/html/Imperial/wp-blog-header.php(19): require_once('/var/www/html/I...')
#2 /var/www/html/Imperial/index.php(17): require('/var/www/html/I...')
#3 {main}
  thrown in /var/www/html/Imperial/wp-content/themes/Imperial/index.php on line 123

2021-08-18T18:51:28+00:00 CRITICAL Uncaught Error: Call to undefined function get_homepage() in /var/www/html/Imperial/wp-content/themes/Imperial/index.php:2
Stack trace:
#0 /var/www/html/Imperial/wp-includes/template-loader.php(106): include()
#1 /var/www/html/Imperial/wp-blog-header.php(19): require_once('/var/www/html/I...')
#2 /var/www/html/Imperial/index.php(17): require('/var/www/html/I...')
#3 {main}
  thrown in /var/www/html/Imperial/wp-content/themes/Imperial/index.php on line 2

2021-08-18T18:51:28+00:00 CRITICAL Uncaught Error: Call to undefined function get_homepage() in /var/www/html/Imperial/wp-content/themes/Imperial/index.php:2
Stack trace:
#0 /var/www/html/Imperial/wp-includes/template-loader.php(106): include()
#1 /var/www/html/Imperial/wp-blog-header.php(19): require_once('/var/www/html/I...')
#2 /var/www/html/Imperial/index.php(17): require('/var/www/html/I...')
#3 {main}
  thrown in /var/www/html/Imperial/wp-content/themes/Imperial/index.php on line 2

2021-08-18T18:51:41+00:00 CRITICAL Uncaught Error: Call to undefined function get_homepage() in /var/www/html/Imperial/wp-content/themes/Imperial/index.php:2
Stack trace:
#0 /var/www/html/Imperial/wp-includes/template-loader.php(106): include()
#1 /var/www/html/Imperial/wp-blog-header.php(19): require_once('/var/www/html/I...')
#2 /var/www/html/Imperial/index.php(17): require('/var/www/html/I...')
#3 {main}
  thrown in /var/www/html/Imperial/wp-content/themes/Imperial/index.php on line 2

2021-08-18T18:51:42+00:00 CRITICAL Uncaught Error: Call to undefined function get_homepage() in /var/www/html/Imperial/wp-content/themes/Imperial/index.php:2
Stack trace:
#0 /var/www/html/Imperial/wp-includes/template-loader.php(106): include()
#1 /var/www/html/Imperial/wp-blog-header.php(19): require_once('/var/www/html/I...')
#2 /var/www/html/Imperial/index.php(17): require('/var/www/html/I...')
#3 {main}
  thrown in /var/www/html/Imperial/wp-content/themes/Imperial/index.php on line 2

2021-08-18T18:51:50+00:00 CRITICAL Uncaught Error: Call to undefined function get_homepage() in /var/www/html/Imperial/wp-content/themes/Imperial/index.php:2
Stack trace:
#0 /var/www/html/Imperial/wp-includes/template-loader.php(106): include()
#1 /var/www/html/Imperial/wp-blog-header.php(19): require_once('/var/www/html/I...')
#2 /var/www/html/Imperial/index.php(17): require('/var/www/html/I...')
#3 {main}
  thrown in /var/www/html/Imperial/wp-content/themes/Imperial/index.php on line 2

2021-08-18T18:51:50+00:00 CRITICAL Uncaught Error: Call to undefined function get_homepage() in /var/www/html/Imperial/wp-content/themes/Imperial/index.php:2
Stack trace:
#0 /var/www/html/Imperial/wp-includes/template-loader.php(106): include()
#1 /var/www/html/Imperial/wp-blog-header.php(19): require_once('/var/www/html/I...')
#2 /var/www/html/Imperial/index.php(17): require('/var/www/html/I...')
#3 {main}
  thrown in /var/www/html/Imperial/wp-content/themes/Imperial/index.php on line 2

2021-08-18T18:51:56+00:00 CRITICAL Uncaught Error: Call to undefined function get_homepage() in /var/www/html/Imperial/wp-content/themes/Imperial/index.php:2
Stack trace:
#0 /var/www/html/Imperial/wp-includes/template-loader.php(106): include()
#1 /var/www/html/Imperial/wp-blog-header.php(19): require_once('/var/www/html/I...')
#2 /var/www/html/Imperial/index.php(17): require('/var/www/html/I...')
#3 {main}
  thrown in /var/www/html/Imperial/wp-content/themes/Imperial/index.php on line 2

2021-08-18T18:51:56+00:00 CRITICAL Uncaught Error: Call to undefined function get_homepage() in /var/www/html/Imperial/wp-content/themes/Imperial/index.php:2
Stack trace:
#0 /var/www/html/Imperial/wp-includes/template-loader.php(106): include()
#1 /var/www/html/Imperial/wp-blog-header.php(19): require_once('/var/www/html/I...')
#2 /var/www/html/Imperial/index.php(17): require('/var/www/html/I...')
#3 {main}
  thrown in /var/www/html/Imperial/wp-content/themes/Imperial/index.php on line 2

2021-08-18T18:52:26+00:00 CRITICAL Uncaught Error: Call to undefined function get_homepage() in /var/www/html/Imperial/wp-content/themes/Imperial/header.php:104
Stack trace:
#0 /var/www/html/Imperial/wp-includes/template.php(770): require_once()
#1 /var/www/html/Imperial/wp-includes/template.php(716): load_template('/var/www/html/I...', true, Array)
#2 /var/www/html/Imperial/wp-includes/general-template.php(48): locate_template(Array, true, true, Array)
#3 /var/www/html/Imperial/wp-content/themes/Imperial/index.php(1): get_header()
#4 /var/www/html/Imperial/wp-includes/template-loader.php(106): include('/var/www/html/I...')
#5 /var/www/html/Imperial/wp-blog-header.php(19): require_once('/var/www/html/I...')
#6 /var/www/html/Imperial/index.php(17): require('/var/www/html/I...')
#7 {main}
  thrown in /var/www/html/Imperial/wp-content/themes/Imperial/header.php on line 104

2021-08-18T18:52:27+00:00 CRITICAL Uncaught Error: Call to undefined function get_homepage() in /var/www/html/Imperial/wp-content/themes/Imperial/header.php:104
Stack trace:
#0 /var/www/html/Imperial/wp-includes/template.php(770): require_once()
#1 /var/www/html/Imperial/wp-includes/template.php(716): load_template('/var/www/html/I...', true, Array)
#2 /var/www/html/Imperial/wp-includes/general-template.php(48): locate_template(Array, true, true, Array)
#3 /var/www/html/Imperial/wp-content/themes/Imperial/index.php(1): get_header()
#4 /var/www/html/Imperial/wp-includes/template-loader.php(106): include('/var/www/html/I...')
#5 /var/www/html/Imperial/wp-blog-header.php(19): require_once('/var/www/html/I...')
#6 /var/www/html/Imperial/index.php(17): require('/var/www/html/I...')
#7 {main}
  thrown in /var/www/html/Imperial/wp-content/themes/Imperial/header.php on line 104

2021-08-18T18:52:30+00:00 CRITICAL Uncaught Error: Call to undefined function get_homepage() in /var/www/html/Imperial/wp-content/themes/Imperial/header.php:104
Stack trace:
#0 /var/www/html/Imperial/wp-includes/template.php(770): require_once()
#1 /var/www/html/Imperial/wp-includes/template.php(716): load_template('/var/www/html/I...', true, Array)
#2 /var/www/html/Imperial/wp-includes/general-template.php(48): locate_template(Array, true, true, Array)
#3 /var/www/html/Imperial/wp-content/themes/Imperial/index.php(1): get_header()
#4 /var/www/html/Imperial/wp-includes/template-loader.php(106): include('/var/www/html/I...')
#5 /var/www/html/Imperial/wp-blog-header.php(19): require_once('/var/www/html/I...')
#6 /var/www/html/Imperial/index.php(17): require('/var/www/html/I...')
#7 {main}
  thrown in /var/www/html/Imperial/wp-content/themes/Imperial/header.php on line 104

2021-08-18T18:52:30+00:00 CRITICAL Uncaught Error: Call to undefined function get_homepage() in /var/www/html/Imperial/wp-content/themes/Imperial/header.php:104
Stack trace:
#0 /var/www/html/Imperial/wp-includes/template.php(770): require_once()
#1 /var/www/html/Imperial/wp-includes/template.php(716): load_template('/var/www/html/I...', true, Array)
#2 /var/www/html/Imperial/wp-includes/general-template.php(48): locate_template(Array, true, true, Array)
#3 /var/www/html/Imperial/wp-content/themes/Imperial/index.php(1): get_header()
#4 /var/www/html/Imperial/wp-includes/template-loader.php(106): include('/var/www/html/I...')
#5 /var/www/html/Imperial/wp-blog-header.php(19): require_once('/var/www/html/I...')
#6 /var/www/html/Imperial/index.php(17): require('/var/www/html/I...')
#7 {main}
  thrown in /var/www/html/Imperial/wp-content/themes/Imperial/header.php on line 104

2021-08-18T18:52:44+00:00 CRITICAL Uncaught Error: Call to undefined function get_homepage() in /var/www/html/Imperial/wp-content/themes/Imperial/index.php:2
Stack trace:
#0 /var/www/html/Imperial/wp-includes/template-loader.php(106): include()
#1 /var/www/html/Imperial/wp-blog-header.php(19): require_once('/var/www/html/I...')
#2 /var/www/html/Imperial/index.php(17): require('/var/www/html/I...')
#3 {main}
  thrown in /var/www/html/Imperial/wp-content/themes/Imperial/index.php on line 2

2021-08-18T18:52:44+00:00 CRITICAL Uncaught Error: Call to undefined function get_homepage() in /var/www/html/Imperial/wp-content/themes/Imperial/index.php:2
Stack trace:
#0 /var/www/html/Imperial/wp-includes/template-loader.php(106): include()
#1 /var/www/html/Imperial/wp-blog-header.php(19): require_once('/var/www/html/I...')
#2 /var/www/html/Imperial/index.php(17): require('/var/www/html/I...')
#3 {main}
  thrown in /var/www/html/Imperial/wp-content/themes/Imperial/index.php on line 2

2021-08-18T18:53:57+00:00 CRITICAL Uncaught Error: Call to undefined function get_homepage() in /var/www/html/Imperial/wp-content/themes/Imperial/index.php:3
Stack trace:
#0 /var/www/html/Imperial/wp-includes/template-loader.php(106): include()
#1 /var/www/html/Imperial/wp-blog-header.php(19): require_once('/var/www/html/I...')
#2 /var/www/html/Imperial/index.php(17): require('/var/www/html/I...')
#3 {main}
  thrown in /var/www/html/Imperial/wp-content/themes/Imperial/index.php on line 3

2021-08-18T18:53:57+00:00 CRITICAL Uncaught Error: Call to undefined function get_homepage() in /var/www/html/Imperial/wp-content/themes/Imperial/index.php:3
Stack trace:
#0 /var/www/html/Imperial/wp-includes/template-loader.php(106): include()
#1 /var/www/html/Imperial/wp-blog-header.php(19): require_once('/var/www/html/I...')
#2 /var/www/html/Imperial/index.php(17): require('/var/www/html/I...')
#3 {main}
  thrown in /var/www/html/Imperial/wp-content/themes/Imperial/index.php on line 3

2021-08-18T18:55:12+00:00 CRITICAL Uncaught Error: Call to undefined function get_homepage() in /var/www/html/Imperial/wp-content/themes/Imperial/index.php:3
Stack trace:
#0 /var/www/html/Imperial/wp-includes/template-loader.php(106): include()
#1 /var/www/html/Imperial/wp-blog-header.php(19): require_once('/var/www/html/I...')
#2 /var/www/html/Imperial/index.php(17): require('/var/www/html/I...')
#3 {main}
  thrown in /var/www/html/Imperial/wp-content/themes/Imperial/index.php on line 3

2021-08-18T18:55:14+00:00 CRITICAL Uncaught Error: Call to undefined function get_homepage() in /var/www/html/Imperial/wp-content/themes/Imperial/index.php:3
Stack trace:
#0 /var/www/html/Imperial/wp-includes/template-loader.php(106): include()
#1 /var/www/html/Imperial/wp-blog-header.php(19): require_once('/var/www/html/I...')
#2 /var/www/html/Imperial/index.php(17): require('/var/www/html/I...')
#3 {main}
  thrown in /var/www/html/Imperial/wp-content/themes/Imperial/index.php on line 3

2021-08-18T18:55:16+00:00 CRITICAL Uncaught Error: Call to undefined function get_homepage() in /var/www/html/Imperial/wp-content/themes/Imperial/index.php:3
Stack trace:
#0 /var/www/html/Imperial/wp-includes/template-loader.php(106): include()
#1 /var/www/html/Imperial/wp-blog-header.php(19): require_once('/var/www/html/I...')
#2 /var/www/html/Imperial/index.php(17): require('/var/www/html/I...')
#3 {main}
  thrown in /var/www/html/Imperial/wp-content/themes/Imperial/index.php on line 3

2021-08-18T18:55:16+00:00 CRITICAL Uncaught Error: Call to undefined function get_homepage() in /var/www/html/Imperial/wp-content/themes/Imperial/index.php:3
Stack trace:
#0 /var/www/html/Imperial/wp-includes/template-loader.php(106): include()
#1 /var/www/html/Imperial/wp-blog-header.php(19): require_once('/var/www/html/I...')
#2 /var/www/html/Imperial/index.php(17): require('/var/www/html/I...')
#3 {main}
  thrown in /var/www/html/Imperial/wp-content/themes/Imperial/index.php on line 3

2021-08-18T18:56:20+00:00 CRITICAL Uncaught Error: Call to undefined function get_homepage() in /var/www/html/Imperial/wp-content/themes/Imperial/index.php:3
Stack trace:
#0 /var/www/html/Imperial/wp-includes/template-loader.php(106): include()
#1 /var/www/html/Imperial/wp-blog-header.php(19): require_once('/var/www/html/I...')
#2 /var/www/html/Imperial/index.php(17): require('/var/www/html/I...')
#3 {main}
  thrown in /var/www/html/Imperial/wp-content/themes/Imperial/index.php on line 3

2021-08-18T18:56:21+00:00 CRITICAL Uncaught Error: Call to undefined function get_homepage() in /var/www/html/Imperial/wp-content/themes/Imperial/index.php:3
Stack trace:
#0 /var/www/html/Imperial/wp-includes/template-loader.php(106): include()
#1 /var/www/html/Imperial/wp-blog-header.php(19): require_once('/var/www/html/I...')
#2 /var/www/html/Imperial/index.php(17): require('/var/www/html/I...')
#3 {main}
  thrown in /var/www/html/Imperial/wp-content/themes/Imperial/index.php on line 3

2021-08-18T18:57:07+00:00 CRITICAL Uncaught Error: Call to undefined function get_homepage() in /var/www/html/Imperial/wp-content/themes/Imperial/index.php:3
Stack trace:
#0 /var/www/html/Imperial/wp-includes/template-loader.php(106): include()
#1 /var/www/html/Imperial/wp-blog-header.php(19): require_once('/var/www/html/I...')
#2 /var/www/html/Imperial/index.php(17): require('/var/www/html/I...')
#3 {main}
  thrown in /var/www/html/Imperial/wp-content/themes/Imperial/index.php on line 3

2021-08-18T18:57:21+00:00 CRITICAL Uncaught Error: Call to undefined function get_homepage() in /var/www/html/Imperial/wp-content/themes/Imperial/index.php:3
Stack trace:
#0 /var/www/html/Imperial/wp-includes/template-loader.php(106): include()
#1 /var/www/html/Imperial/wp-blog-header.php(19): require_once('/var/www/html/I...')
#2 /var/www/html/Imperial/index.php(17): require('/var/www/html/I...')
#3 {main}
  thrown in /var/www/html/Imperial/wp-content/themes/Imperial/index.php on line 3

2021-08-18T18:57:21+00:00 CRITICAL Uncaught Error: Call to undefined function get_homepage() in /var/www/html/Imperial/wp-content/themes/Imperial/index.php:3
Stack trace:
#0 /var/www/html/Imperial/wp-includes/template-loader.php(106): include()
#1 /var/www/html/Imperial/wp-blog-header.php(19): require_once('/var/www/html/I...')
#2 /var/www/html/Imperial/index.php(17): require('/var/www/html/I...')
#3 {main}
  thrown in /var/www/html/Imperial/wp-content/themes/Imperial/index.php on line 3

2021-08-18T18:58:23+00:00 CRITICAL Uncaught Error: Call to undefined function get_homepage() in /var/www/html/Imperial/wp-content/themes/Imperial/index.php:3
Stack trace:
#0 /var/www/html/Imperial/wp-includes/template-loader.php(106): include()
#1 /var/www/html/Imperial/wp-blog-header.php(19): require_once('/var/www/html/I...')
#2 /var/www/html/Imperial/index.php(17): require('/var/www/html/I...')
#3 {main}
  thrown in /var/www/html/Imperial/wp-content/themes/Imperial/index.php on line 3

2021-08-18T18:59:13+00:00 CRITICAL Uncaught Error: Call to undefined function get_homepage() in /var/www/html/Imperial/wp-content/themes/Imperial/index.php:3
Stack trace:
#0 /var/www/html/Imperial/wp-includes/template-loader.php(106): include()
#1 /var/www/html/Imperial/wp-blog-header.php(19): require_once('/var/www/html/I...')
#2 /var/www/html/Imperial/index.php(17): require('/var/www/html/I...')
#3 {main}
  thrown in /var/www/html/Imperial/wp-content/themes/Imperial/index.php on line 3

2021-08-18T18:59:33+00:00 CRITICAL Uncaught Error: Call to undefined function get_homepage() in /var/www/html/Imperial/wp-content/themes/Imperial/index.php:3
Stack trace:
#0 /var/www/html/Imperial/wp-includes/template-loader.php(106): include()
#1 /var/www/html/Imperial/wp-blog-header.php(19): require_once('/var/www/html/I...')
#2 /var/www/html/Imperial/index.php(17): require('/var/www/html/I...')
#3 {main}
  thrown in /var/www/html/Imperial/wp-content/themes/Imperial/index.php on line 3

2021-08-18T19:00:21+00:00 CRITICAL Uncaught Error: Call to undefined function get_homepage() in /var/www/html/Imperial/wp-content/themes/Imperial/index.php:3
Stack trace:
#0 /var/www/html/Imperial/wp-includes/template-loader.php(106): include()
#1 /var/www/html/Imperial/wp-blog-header.php(19): require_once('/var/www/html/I...')
#2 /var/www/html/Imperial/index.php(17): require('/var/www/html/I...')
#3 {main}
  thrown in /var/www/html/Imperial/wp-content/themes/Imperial/index.php on line 3

2021-08-18T19:00:42+00:00 CRITICAL Uncaught Error: Call to undefined function get_homepage() in /var/www/html/Imperial/wp-content/themes/Imperial/index.php:3
Stack trace:
#0 /var/www/html/Imperial/wp-includes/template-loader.php(106): include()
#1 /var/www/html/Imperial/wp-blog-header.php(19): require_once('/var/www/html/I...')
#2 /var/www/html/Imperial/index.php(17): require('/var/www/html/I...')
#3 {main}
  thrown in /var/www/html/Imperial/wp-content/themes/Imperial/index.php on line 3

2021-08-18T19:00:42+00:00 CRITICAL Uncaught Error: Call to undefined function get_homepage() in /var/www/html/Imperial/wp-content/themes/Imperial/index.php:3
Stack trace:
#0 /var/www/html/Imperial/wp-includes/template-loader.php(106): include()
#1 /var/www/html/Imperial/wp-blog-header.php(19): require_once('/var/www/html/I...')
#2 /var/www/html/Imperial/index.php(17): require('/var/www/html/I...')
#3 {main}
  thrown in /var/www/html/Imperial/wp-content/themes/Imperial/index.php on line 3

2021-08-18T19:00:43+00:00 CRITICAL Uncaught Error: Call to undefined function get_homepage() in /var/www/html/Imperial/wp-content/themes/Imperial/index.php:3
Stack trace:
#0 /var/www/html/Imperial/wp-includes/template-loader.php(106): include()
#1 /var/www/html/Imperial/wp-blog-header.php(19): require_once('/var/www/html/I...')
#2 /var/www/html/Imperial/index.php(17): require('/var/www/html/I...')
#3 {main}
  thrown in /var/www/html/Imperial/wp-content/themes/Imperial/index.php on line 3

2021-08-18T19:00:43+00:00 CRITICAL Uncaught Error: Call to undefined function get_homepage() in /var/www/html/Imperial/wp-content/themes/Imperial/index.php:3
Stack trace:
#0 /var/www/html/Imperial/wp-includes/template-loader.php(106): include()
#1 /var/www/html/Imperial/wp-blog-header.php(19): require_once('/var/www/html/I...')
#2 /var/www/html/Imperial/index.php(17): require('/var/www/html/I...')
#3 {main}
  thrown in /var/www/html/Imperial/wp-content/themes/Imperial/index.php on line 3

2021-08-18T19:00:57+00:00 CRITICAL Uncaught Error: Call to undefined function get_homepage() in /var/www/html/Imperial/wp-content/themes/Imperial/index.php:3
Stack trace:
#0 /var/www/html/Imperial/wp-includes/template-loader.php(106): include()
#1 /var/www/html/Imperial/wp-blog-header.php(19): require_once('/var/www/html/I...')
#2 /var/www/html/Imperial/index.php(17): require('/var/www/html/I...')
#3 {main}
  thrown in /var/www/html/Imperial/wp-content/themes/Imperial/index.php on line 3

2021-08-18T19:01:25+00:00 CRITICAL Uncaught Error: Call to undefined function get_homepage() in /var/www/html/Imperial/wp-content/themes/Imperial/index.php:3
Stack trace:
#0 /var/www/html/Imperial/wp-includes/template-loader.php(106): include()
#1 /var/www/html/Imperial/wp-blog-header.php(19): require_once('/var/www/html/I...')
#2 /var/www/html/Imperial/index.php(17): require('/var/www/html/I...')
#3 {main}
  thrown in /var/www/html/Imperial/wp-content/themes/Imperial/index.php on line 3

2021-08-18T19:01:32+00:00 CRITICAL Uncaught Error: Call to undefined function get_homepage() in /var/www/html/Imperial/wp-content/themes/Imperial/index.php:3
Stack trace:
#0 /var/www/html/Imperial/wp-includes/template-loader.php(106): include()
#1 /var/www/html/Imperial/wp-blog-header.php(19): require_once('/var/www/html/I...')
#2 /var/www/html/Imperial/index.php(17): require('/var/www/html/I...')
#3 {main}
  thrown in /var/www/html/Imperial/wp-content/themes/Imperial/index.php on line 3

2021-08-18T19:01:33+00:00 CRITICAL Uncaught Error: Call to undefined function get_homepage() in /var/www/html/Imperial/wp-content/themes/Imperial/index.php:3
Stack trace:
#0 /var/www/html/Imperial/wp-includes/template-loader.php(106): include()
#1 /var/www/html/Imperial/wp-blog-header.php(19): require_once('/var/www/html/I...')
#2 /var/www/html/Imperial/index.php(17): require('/var/www/html/I...')
#3 {main}
  thrown in /var/www/html/Imperial/wp-content/themes/Imperial/index.php on line 3

2021-08-18T19:02:53+00:00 CRITICAL Uncaught Error: Call to undefined function get_homepage() in /var/www/html/Imperial/wp-content/themes/Imperial/index.php:3
Stack trace:
#0 /var/www/html/Imperial/wp-includes/template-loader.php(106): include()
#1 /var/www/html/Imperial/wp-blog-header.php(19): require_once('/var/www/html/I...')
#2 /var/www/html/Imperial/index.php(17): require('/var/www/html/I...')
#3 {main}
  thrown in /var/www/html/Imperial/wp-content/themes/Imperial/index.php on line 3

2021-08-18T19:03:05+00:00 CRITICAL Uncaught Error: Call to undefined function get_homepage() in /var/www/html/Imperial/wp-content/themes/Imperial/index.php:3
Stack trace:
#0 /var/www/html/Imperial/wp-includes/template-loader.php(106): include()
#1 /var/www/html/Imperial/wp-blog-header.php(19): require_once('/var/www/html/I...')
#2 /var/www/html/Imperial/index.php(17): require('/var/www/html/I...')
#3 {main}
  thrown in /var/www/html/Imperial/wp-content/themes/Imperial/index.php on line 3

2021-08-18T19:03:05+00:00 CRITICAL Uncaught Error: Call to undefined function get_homepage() in /var/www/html/Imperial/wp-content/themes/Imperial/index.php:3
Stack trace:
#0 /var/www/html/Imperial/wp-includes/template-loader.php(106): include()
#1 /var/www/html/Imperial/wp-blog-header.php(19): require_once('/var/www/html/I...')
#2 /var/www/html/Imperial/index.php(17): require('/var/www/html/I...')
#3 {main}
  thrown in /var/www/html/Imperial/wp-content/themes/Imperial/index.php on line 3

2021-08-18T19:04:04+00:00 CRITICAL Uncaught Error: Call to undefined function get_homepage() in /var/www/html/Imperial/wp-content/themes/Imperial/index.php:3
Stack trace:
#0 /var/www/html/Imperial/wp-includes/template-loader.php(106): include()
#1 /var/www/html/Imperial/wp-blog-header.php(19): require_once('/var/www/html/I...')
#2 /var/www/html/Imperial/index.php(17): require('/var/www/html/I...')
#3 {main}
  thrown in /var/www/html/Imperial/wp-content/themes/Imperial/index.php on line 3

2021-08-18T19:04:04+00:00 CRITICAL Uncaught Error: Call to undefined function get_homepage() in /var/www/html/Imperial/wp-content/themes/Imperial/index.php:3
Stack trace:
#0 /var/www/html/Imperial/wp-includes/template-loader.php(106): include()
#1 /var/www/html/Imperial/wp-blog-header.php(19): require_once('/var/www/html/I...')
#2 /var/www/html/Imperial/index.php(17): require('/var/www/html/I...')
#3 {main}
  thrown in /var/www/html/Imperial/wp-content/themes/Imperial/index.php on line 3

2021-08-18T19:04:09+00:00 CRITICAL Uncaught Error: Call to undefined function get_homepage() in /var/www/html/Imperial/wp-content/themes/Imperial/index.php:3
Stack trace:
#0 /var/www/html/Imperial/wp-includes/template-loader.php(106): include()
#1 /var/www/html/Imperial/wp-blog-header.php(19): require_once('/var/www/html/I...')
#2 /var/www/html/Imperial/index.php(17): require('/var/www/html/I...')
#3 {main}
  thrown in /var/www/html/Imperial/wp-content/themes/Imperial/index.php on line 3

2021-08-18T19:04:14+00:00 CRITICAL Uncaught Error: Call to undefined function get_homepage() in /var/www/html/Imperial/wp-content/themes/Imperial/index.php:3
Stack trace:
#0 /var/www/html/Imperial/wp-includes/template-loader.php(106): include()
#1 /var/www/html/Imperial/wp-blog-header.php(19): require_once('/var/www/html/I...')
#2 /var/www/html/Imperial/index.php(17): require('/var/www/html/I...')
#3 {main}
  thrown in /var/www/html/Imperial/wp-content/themes/Imperial/index.php on line 3

2021-08-18T19:04:15+00:00 CRITICAL Uncaught Error: Call to undefined function get_homepage() in /var/www/html/Imperial/wp-content/themes/Imperial/index.php:3
Stack trace:
#0 /var/www/html/Imperial/wp-includes/template-loader.php(106): include()
#1 /var/www/html/Imperial/wp-blog-header.php(19): require_once('/var/www/html/I...')
#2 /var/www/html/Imperial/index.php(17): require('/var/www/html/I...')
#3 {main}
  thrown in /var/www/html/Imperial/wp-content/themes/Imperial/index.php on line 3

2021-08-18T19:05:05+00:00 CRITICAL Uncaught Error: Call to undefined function get_homepage() in /var/www/html/Imperial/wp-content/themes/Imperial/index.php:3
Stack trace:
#0 /var/www/html/Imperial/wp-includes/template-loader.php(106): include()
#1 /var/www/html/Imperial/wp-blog-header.php(19): require_once('/var/www/html/I...')
#2 /var/www/html/Imperial/index.php(17): require('/var/www/html/I...')
#3 {main}
  thrown in /var/www/html/Imperial/wp-content/themes/Imperial/index.php on line 3

2021-08-18T19:05:05+00:00 CRITICAL Uncaught Error: Call to undefined function get_homepage() in /var/www/html/Imperial/wp-content/themes/Imperial/index.php:3
Stack trace:
#0 /var/www/html/Imperial/wp-includes/template-loader.php(106): include()
#1 /var/www/html/Imperial/wp-blog-header.php(19): require_once('/var/www/html/I...')
#2 /var/www/html/Imperial/index.php(17): require('/var/www/html/I...')
#3 {main}
  thrown in /var/www/html/Imperial/wp-content/themes/Imperial/index.php on line 3

2021-08-18T19:05:12+00:00 CRITICAL Uncaught Error: Call to undefined function get_homepage() in /var/www/html/Imperial/wp-content/themes/Imperial/index.php:3
Stack trace:
#0 /var/www/html/Imperial/wp-includes/template-loader.php(106): include()
#1 /var/www/html/Imperial/wp-blog-header.php(19): require_once('/var/www/html/I...')
#2 /var/www/html/Imperial/index.php(17): require('/var/www/html/I...')
#3 {main}
  thrown in /var/www/html/Imperial/wp-content/themes/Imperial/index.php on line 3

2021-08-18T19:05:26+00:00 CRITICAL Uncaught Error: Call to undefined function get_homepage() in /var/www/html/Imperial/wp-content/themes/Imperial/index.php:3
Stack trace:
#0 /var/www/html/Imperial/wp-includes/template-loader.php(106): include()
#1 /var/www/html/Imperial/wp-blog-header.php(19): require_once('/var/www/html/I...')
#2 /var/www/html/Imperial/index.php(17): require('/var/www/html/I...')
#3 {main}
  thrown in /var/www/html/Imperial/wp-content/themes/Imperial/index.php on line 3

2021-08-18T19:05:26+00:00 CRITICAL Uncaught Error: Call to undefined function get_homepage() in /var/www/html/Imperial/wp-content/themes/Imperial/index.php:3
Stack trace:
#0 /var/www/html/Imperial/wp-includes/template-loader.php(106): include()
#1 /var/www/html/Imperial/wp-blog-header.php(19): require_once('/var/www/html/I...')
#2 /var/www/html/Imperial/index.php(17): require('/var/www/html/I...')
#3 {main}
  thrown in /var/www/html/Imperial/wp-content/themes/Imperial/index.php on line 3

2021-08-18T19:05:40+00:00 CRITICAL Uncaught Error: Call to undefined function get_homepage() in /var/www/html/Imperial/wp-content/themes/Imperial/index.php:3
Stack trace:
#0 /var/www/html/Imperial/wp-includes/template-loader.php(106): include()
#1 /var/www/html/Imperial/wp-blog-header.php(19): require_once('/var/www/html/I...')
#2 /var/www/html/Imperial/index.php(17): require('/var/www/html/I...')
#3 {main}
  thrown in /var/www/html/Imperial/wp-content/themes/Imperial/index.php on line 3

2021-08-18T19:05:48+00:00 CRITICAL Uncaught Error: Call to undefined function get_homepage() in /var/www/html/Imperial/wp-content/themes/Imperial/index.php:3
Stack trace:
#0 /var/www/html/Imperial/wp-includes/template-loader.php(106): include()
#1 /var/www/html/Imperial/wp-blog-header.php(19): require_once('/var/www/html/I...')
#2 /var/www/html/Imperial/index.php(17): require('/var/www/html/I...')
#3 {main}
  thrown in /var/www/html/Imperial/wp-content/themes/Imperial/index.php on line 3

2021-08-18T19:05:48+00:00 CRITICAL Uncaught Error: Call to undefined function get_homepage() in /var/www/html/Imperial/wp-content/themes/Imperial/index.php:3
Stack trace:
#0 /var/www/html/Imperial/wp-includes/template-loader.php(106): include()
#1 /var/www/html/Imperial/wp-blog-header.php(19): require_once('/var/www/html/I...')
#2 /var/www/html/Imperial/index.php(17): require('/var/www/html/I...')
#3 {main}
  thrown in /var/www/html/Imperial/wp-content/themes/Imperial/index.php on line 3

2021-08-18T19:08:19+00:00 CRITICAL Uncaught Error: Call to undefined function get_homepage() in /var/www/html/Imperial/wp-content/themes/Imperial/index.php:3
Stack trace:
#0 /var/www/html/Imperial/wp-includes/template-loader.php(106): include()
#1 /var/www/html/Imperial/wp-blog-header.php(19): require_once('/var/www/html/I...')
#2 /var/www/html/Imperial/index.php(17): require('/var/www/html/I...')
#3 {main}
  thrown in /var/www/html/Imperial/wp-content/themes/Imperial/index.php on line 3

2021-08-18T19:08:44+00:00 CRITICAL Uncaught Error: Call to undefined function get_homepage() in /var/www/html/Imperial/wp-content/themes/Imperial/index.php:3
Stack trace:
#0 /var/www/html/Imperial/wp-includes/template-loader.php(106): include()
#1 /var/www/html/Imperial/wp-blog-header.php(19): require_once('/var/www/html/I...')
#2 /var/www/html/Imperial/index.php(17): require('/var/www/html/I...')
#3 {main}
  thrown in /var/www/html/Imperial/wp-content/themes/Imperial/index.php on line 3

2021-08-18T19:09:23+00:00 CRITICAL Uncaught Error: Call to undefined function get_homepage() in /var/www/html/Imperial/wp-content/themes/Imperial/index.php:3
Stack trace:
#0 /var/www/html/Imperial/wp-includes/template-loader.php(106): include()
#1 /var/www/html/Imperial/wp-blog-header.php(19): require_once('/var/www/html/I...')
#2 /var/www/html/Imperial/index.php(17): require('/var/www/html/I...')
#3 {main}
  thrown in /var/www/html/Imperial/wp-content/themes/Imperial/index.php on line 3

2021-08-18T19:09:24+00:00 CRITICAL Uncaught Error: Call to undefined function get_homepage() in /var/www/html/Imperial/wp-content/themes/Imperial/index.php:3
Stack trace:
#0 /var/www/html/Imperial/wp-includes/template-loader.php(106): include()
#1 /var/www/html/Imperial/wp-blog-header.php(19): require_once('/var/www/html/I...')
#2 /var/www/html/Imperial/index.php(17): require('/var/www/html/I...')
#3 {main}
  thrown in /var/www/html/Imperial/wp-content/themes/Imperial/index.php on line 3

2021-08-18T19:09:24+00:00 CRITICAL Uncaught Error: Call to undefined function get_homepage() in /var/www/html/Imperial/wp-content/themes/Imperial/index.php:3
Stack trace:
#0 /var/www/html/Imperial/wp-includes/template-loader.php(106): include()
#1 /var/www/html/Imperial/wp-blog-header.php(19): require_once('/var/www/html/I...')
#2 /var/www/html/Imperial/index.php(17): require('/var/www/html/I...')
#3 {main}
  thrown in /var/www/html/Imperial/wp-content/themes/Imperial/index.php on line 3

2021-08-18T19:09:24+00:00 CRITICAL Uncaught Error: Call to undefined function get_homepage() in /var/www/html/Imperial/wp-content/themes/Imperial/index.php:3
Stack trace:
#0 /var/www/html/Imperial/wp-includes/template-loader.php(106): include()
#1 /var/www/html/Imperial/wp-blog-header.php(19): require_once('/var/www/html/I...')
#2 /var/www/html/Imperial/index.php(17): require('/var/www/html/I...')
#3 {main}
  thrown in /var/www/html/Imperial/wp-content/themes/Imperial/index.php on line 3

2021-08-18T19:09:50+00:00 CRITICAL Uncaught Error: Call to undefined function get_homepage() in /var/www/html/Imperial/wp-content/themes/Imperial/index.php:3
Stack trace:
#0 /var/www/html/Imperial/wp-includes/template-loader.php(106): include()
#1 /var/www/html/Imperial/wp-blog-header.php(19): require_once('/var/www/html/I...')
#2 /var/www/html/Imperial/index.php(17): require('/var/www/html/I...')
#3 {main}
  thrown in /var/www/html/Imperial/wp-content/themes/Imperial/index.php on line 3

2021-08-18T19:12:14+00:00 CRITICAL Uncaught Error: Call to undefined function get_paramalink() in /var/www/html/Imperial/wp-content/themes/Imperial/homepage.php:130
Stack trace:
#0 /var/www/html/Imperial/wp-includes/template-loader.php(106): include()
#1 /var/www/html/Imperial/wp-blog-header.php(19): require_once('/var/www/html/I...')
#2 /var/www/html/Imperial/index.php(17): require('/var/www/html/I...')
#3 {main}
  thrown in /var/www/html/Imperial/wp-content/themes/Imperial/homepage.php on line 130

2021-08-18T19:12:14+00:00 CRITICAL Uncaught Error: Call to undefined function get_homepage() in /var/www/html/Imperial/wp-content/themes/Imperial/index.php:3
Stack trace:
#0 /var/www/html/Imperial/wp-includes/template-loader.php(106): include()
#1 /var/www/html/Imperial/wp-blog-header.php(19): require_once('/var/www/html/I...')
#2 /var/www/html/Imperial/index.php(17): require('/var/www/html/I...')
#3 {main}
  thrown in /var/www/html/Imperial/wp-content/themes/Imperial/index.php on line 3

2021-08-18T19:13:58+00:00 CRITICAL Uncaught Error: Call to undefined function get_homepage() in /var/www/html/Imperial/wp-content/themes/Imperial/index.php:3
Stack trace:
#0 /var/www/html/Imperial/wp-includes/template-loader.php(106): include()
#1 /var/www/html/Imperial/wp-blog-header.php(19): require_once('/var/www/html/I...')
#2 /var/www/html/Imperial/index.php(17): require('/var/www/html/I...')
#3 {main}
  thrown in /var/www/html/Imperial/wp-content/themes/Imperial/index.php on line 3

2021-08-18T19:13:58+00:00 CRITICAL Uncaught Error: Call to undefined function get_homepage() in /var/www/html/Imperial/wp-content/themes/Imperial/index.php:3
Stack trace:
#0 /var/www/html/Imperial/wp-includes/template-loader.php(106): include()
#1 /var/www/html/Imperial/wp-blog-header.php(19): require_once('/var/www/html/I...')
#2 /var/www/html/Imperial/index.php(17): require('/var/www/html/I...')
#3 {main}
  thrown in /var/www/html/Imperial/wp-content/themes/Imperial/index.php on line 3

2021-08-18T19:14:28+00:00 CRITICAL Uncaught Error: Call to undefined function get_homepage() in /var/www/html/Imperial/wp-content/themes/Imperial/index.php:3
Stack trace:
#0 /var/www/html/Imperial/wp-includes/template-loader.php(106): include()
#1 /var/www/html/Imperial/wp-blog-header.php(19): require_once('/var/www/html/I...')
#2 /var/www/html/Imperial/index.php(17): require('/var/www/html/I...')
#3 {main}
  thrown in /var/www/html/Imperial/wp-content/themes/Imperial/index.php on line 3

2021-08-18T19:16:15+00:00 CRITICAL Uncaught Error: Call to undefined function get_homepage() in /var/www/html/Imperial/wp-content/themes/Imperial/index.php:3
Stack trace:
#0 /var/www/html/Imperial/wp-includes/template-loader.php(106): include()
#1 /var/www/html/Imperial/wp-blog-header.php(19): require_once('/var/www/html/I...')
#2 /var/www/html/Imperial/index.php(17): require('/var/www/html/I...')
#3 {main}
  thrown in /var/www/html/Imperial/wp-content/themes/Imperial/index.php on line 3

2021-08-18T19:17:00+00:00 CRITICAL Uncaught Error: Call to undefined function get_homepage() in /var/www/html/Imperial/wp-content/themes/Imperial/index.php:3
Stack trace:
#0 /var/www/html/Imperial/wp-includes/template-loader.php(106): include()
#1 /var/www/html/Imperial/wp-blog-header.php(19): require_once('/var/www/html/I...')
#2 /var/www/html/Imperial/index.php(17): require('/var/www/html/I...')
#3 {main}
  thrown in /var/www/html/Imperial/wp-content/themes/Imperial/index.php on line 3

2021-08-18T19:17:00+00:00 CRITICAL Uncaught Error: Call to undefined function get_homepage() in /var/www/html/Imperial/wp-content/themes/Imperial/index.php:3
Stack trace:
#0 /var/www/html/Imperial/wp-includes/template-loader.php(106): include()
#1 /var/www/html/Imperial/wp-blog-header.php(19): require_once('/var/www/html/I...')
#2 /var/www/html/Imperial/index.php(17): require('/var/www/html/I...')
#3 {main}
  thrown in /var/www/html/Imperial/wp-content/themes/Imperial/index.php on line 3

2021-08-18T19:17:00+00:00 CRITICAL Uncaught Error: Call to undefined function get_homepage() in /var/www/html/Imperial/wp-content/themes/Imperial/index.php:3
Stack trace:
#0 /var/www/html/Imperial/wp-includes/template-loader.php(106): include()
#1 /var/www/html/Imperial/wp-blog-header.php(19): require_once('/var/www/html/I...')
#2 /var/www/html/Imperial/index.php(17): require('/var/www/html/I...')
#3 {main}
  thrown in /var/www/html/Imperial/wp-content/themes/Imperial/index.php on line 3

2021-08-18T19:18:44+00:00 CRITICAL Uncaught Error: Call to undefined function get_homepage() in /var/www/html/Imperial/wp-content/themes/Imperial/index.php:3
Stack trace:
#0 /var/www/html/Imperial/wp-includes/template-loader.php(106): include()
#1 /var/www/html/Imperial/wp-blog-header.php(19): require_once('/var/www/html/I...')
#2 /var/www/html/Imperial/index.php(17): require('/var/www/html/I...')
#3 {main}
  thrown in /var/www/html/Imperial/wp-content/themes/Imperial/index.php on line 3

2021-08-18T19:18:59+00:00 CRITICAL Uncaught Error: Call to undefined function get_homepage() in /var/www/html/Imperial/wp-content/themes/Imperial/index.php:3
Stack trace:
#0 /var/www/html/Imperial/wp-includes/template-loader.php(106): include()
#1 /var/www/html/Imperial/wp-blog-header.php(19): require_once('/var/www/html/I...')
#2 /var/www/html/Imperial/index.php(17): require('/var/www/html/I...')
#3 {main}
  thrown in /var/www/html/Imperial/wp-content/themes/Imperial/index.php on line 3

2021-08-18T19:19:49+00:00 CRITICAL Uncaught Error: Call to undefined function get_homepage() in /var/www/html/Imperial/wp-content/themes/Imperial/index.php:3
Stack trace:
#0 /var/www/html/Imperial/wp-includes/template-loader.php(106): include()
#1 /var/www/html/Imperial/wp-blog-header.php(19): require_once('/var/www/html/I...')
#2 /var/www/html/Imperial/index.php(17): require('/var/www/html/I...')
#3 {main}
  thrown in /var/www/html/Imperial/wp-content/themes/Imperial/index.php on line 3

2021-08-18T19:20:07+00:00 CRITICAL Uncaught Error: Call to undefined function get_homepage() in /var/www/html/Imperial/wp-content/themes/Imperial/index.php:3
Stack trace:
#0 /var/www/html/Imperial/wp-includes/template-loader.php(106): include()
#1 /var/www/html/Imperial/wp-blog-header.php(19): require_once('/var/www/html/I...')
#2 /var/www/html/Imperial/index.php(17): require('/var/www/html/I...')
#3 {main}
  thrown in /var/www/html/Imperial/wp-content/themes/Imperial/index.php on line 3

2021-08-18T19:21:49+00:00 CRITICAL Uncaught Error: Call to undefined function get_homepage() in /var/www/html/Imperial/wp-content/themes/Imperial/index.php:3
Stack trace:
#0 /var/www/html/Imperial/wp-includes/template-loader.php(106): include()
#1 /var/www/html/Imperial/wp-blog-header.php(19): require_once('/var/www/html/I...')
#2 /var/www/html/Imperial/index.php(17): require('/var/www/html/I...')
#3 {main}
  thrown in /var/www/html/Imperial/wp-content/themes/Imperial/index.php on line 3

2021-08-18T19:22:18+00:00 CRITICAL Uncaught Error: Call to undefined function get_homepage() in /var/www/html/Imperial/wp-content/themes/Imperial/index.php:3
Stack trace:
#0 /var/www/html/Imperial/wp-includes/template-loader.php(106): include()
#1 /var/www/html/Imperial/wp-blog-header.php(19): require_once('/var/www/html/I...')
#2 /var/www/html/Imperial/index.php(17): require('/var/www/html/I...')
#3 {main}
  thrown in /var/www/html/Imperial/wp-content/themes/Imperial/index.php on line 3

2021-08-18T19:24:48+00:00 CRITICAL Uncaught Error: Call to undefined function get_homepage() in /var/www/html/Imperial/wp-content/themes/Imperial/index.php:3
Stack trace:
#0 /var/www/html/Imperial/wp-includes/template-loader.php(106): include()
#1 /var/www/html/Imperial/wp-blog-header.php(19): require_once('/var/www/html/I...')
#2 /var/www/html/Imperial/index.php(17): require('/var/www/html/I...')
#3 {main}
  thrown in /var/www/html/Imperial/wp-content/themes/Imperial/index.php on line 3

2021-08-18T19:25:07+00:00 CRITICAL Uncaught Error: Call to undefined function get_homepage() in /var/www/html/Imperial/wp-content/themes/Imperial/index.php:3
Stack trace:
#0 /var/www/html/Imperial/wp-includes/template-loader.php(106): include()
#1 /var/www/html/Imperial/wp-blog-header.php(19): require_once('/var/www/html/I...')
#2 /var/www/html/Imperial/index.php(17): require('/var/www/html/I...')
#3 {main}
  thrown in /var/www/html/Imperial/wp-content/themes/Imperial/index.php on line 3

2021-08-18T19:26:06+00:00 CRITICAL Uncaught Error: Call to undefined function get_homepage() in /var/www/html/Imperial/wp-content/themes/Imperial/index.php:3
Stack trace:
#0 /var/www/html/Imperial/wp-includes/template-loader.php(106): include()
#1 /var/www/html/Imperial/wp-blog-header.php(19): require_once('/var/www/html/I...')
#2 /var/www/html/Imperial/index.php(17): require('/var/www/html/I...')
#3 {main}
  thrown in /var/www/html/Imperial/wp-content/themes/Imperial/index.php on line 3

2021-08-18T19:28:32+00:00 CRITICAL Uncaught Error: Call to undefined function get_homepage() in /var/www/html/Imperial/wp-content/themes/Imperial/index.php:3
Stack trace:
#0 /var/www/html/Imperial/wp-includes/template-loader.php(106): include()
#1 /var/www/html/Imperial/wp-blog-header.php(19): require_once('/var/www/html/I...')
#2 /var/www/html/Imperial/index.php(17): require('/var/www/html/I...')
#3 {main}
  thrown in /var/www/html/Imperial/wp-content/themes/Imperial/index.php on line 3

2021-08-18T19:28:49+00:00 CRITICAL Uncaught Error: Call to undefined function get_homepage() in /var/www/html/Imperial/wp-content/themes/Imperial/index.php:3
Stack trace:
#0 /var/www/html/Imperial/wp-includes/template-loader.php(106): include()
#1 /var/www/html/Imperial/wp-blog-header.php(19): require_once('/var/www/html/I...')
#2 /var/www/html/Imperial/index.php(17): require('/var/www/html/I...')
#3 {main}
  thrown in /var/www/html/Imperial/wp-content/themes/Imperial/index.php on line 3

2021-08-18T19:30:50+00:00 CRITICAL Uncaught Error: Call to undefined function get_homepage() in /var/www/html/Imperial/wp-content/themes/Imperial/index.php:3
Stack trace:
#0 /var/www/html/Imperial/wp-includes/template-loader.php(106): include()
#1 /var/www/html/Imperial/wp-blog-header.php(19): require_once('/var/www/html/I...')
#2 /var/www/html/Imperial/index.php(17): require('/var/www/html/I...')
#3 {main}
  thrown in /var/www/html/Imperial/wp-content/themes/Imperial/index.php on line 3

2021-08-18T19:31:07+00:00 CRITICAL Uncaught Error: Call to undefined function get_homepage() in /var/www/html/Imperial/wp-content/themes/Imperial/index.php:3
Stack trace:
#0 /var/www/html/Imperial/wp-includes/template-loader.php(106): include()
#1 /var/www/html/Imperial/wp-blog-header.php(19): require_once('/var/www/html/I...')
#2 /var/www/html/Imperial/index.php(17): require('/var/www/html/I...')
#3 {main}
  thrown in /var/www/html/Imperial/wp-content/themes/Imperial/index.php on line 3

2021-08-18T19:31:17+00:00 CRITICAL Uncaught Error: Call to undefined function get_homepage() in /var/www/html/Imperial/wp-content/themes/Imperial/index.php:3
Stack trace:
#0 /var/www/html/Imperial/wp-includes/template-loader.php(106): include()
#1 /var/www/html/Imperial/wp-blog-header.php(19): require_once('/var/www/html/I...')
#2 /var/www/html/Imperial/index.php(17): require('/var/www/html/I...')
#3 {main}
  thrown in /var/www/html/Imperial/wp-content/themes/Imperial/index.php on line 3

2021-08-18T19:31:21+00:00 CRITICAL Uncaught Error: Call to undefined function get_homepage() in /var/www/html/Imperial/wp-content/themes/Imperial/index.php:3
Stack trace:
#0 /var/www/html/Imperial/wp-includes/template-loader.php(106): include()
#1 /var/www/html/Imperial/wp-blog-header.php(19): require_once('/var/www/html/I...')
#2 /var/www/html/Imperial/index.php(17): require('/var/www/html/I...')
#3 {main}
  thrown in /var/www/html/Imperial/wp-content/themes/Imperial/index.php on line 3

2021-08-18T19:31:48+00:00 CRITICAL Uncaught Error: Call to undefined function get_homepage() in /var/www/html/Imperial/wp-content/themes/Imperial/index.php:3
Stack trace:
#0 /var/www/html/Imperial/wp-includes/template-loader.php(106): include()
#1 /var/www/html/Imperial/wp-blog-header.php(19): require_once('/var/www/html/I...')
#2 /var/www/html/Imperial/index.php(17): require('/var/www/html/I...')
#3 {main}
  thrown in /var/www/html/Imperial/wp-content/themes/Imperial/index.php on line 3

2021-08-18T19:31:50+00:00 CRITICAL Uncaught Error: Call to undefined function get_homepage() in /var/www/html/Imperial/wp-content/themes/Imperial/index.php:3
Stack trace:
#0 /var/www/html/Imperial/wp-includes/template-loader.php(106): include()
#1 /var/www/html/Imperial/wp-blog-header.php(19): require_once('/var/www/html/I...')
#2 /var/www/html/Imperial/index.php(17): require('/var/www/html/I...')
#3 {main}
  thrown in /var/www/html/Imperial/wp-content/themes/Imperial/index.php on line 3

2021-08-18T19:32:01+00:00 CRITICAL Uncaught Error: Call to undefined function get_homepage() in /var/www/html/Imperial/wp-content/themes/Imperial/index.php:3
Stack trace:
#0 /var/www/html/Imperial/wp-includes/template-loader.php(106): include()
#1 /var/www/html/Imperial/wp-blog-header.php(19): require_once('/var/www/html/I...')
#2 /var/www/html/Imperial/index.php(17): require('/var/www/html/I...')
#3 {main}
  thrown in /var/www/html/Imperial/wp-content/themes/Imperial/index.php on line 3

2021-08-18T19:34:05+00:00 CRITICAL Uncaught Error: Call to undefined function get_homepage() in /var/www/html/Imperial/wp-content/themes/Imperial/index.php:3
Stack trace:
#0 /var/www/html/Imperial/wp-includes/template-loader.php(106): include()
#1 /var/www/html/Imperial/wp-blog-header.php(19): require_once('/var/www/html/I...')
#2 /var/www/html/Imperial/index.php(17): require('/var/www/html/I...')
#3 {main}
  thrown in /var/www/html/Imperial/wp-content/themes/Imperial/index.php on line 3

2021-08-18T19:34:36+00:00 CRITICAL Uncaught Error: Call to undefined function get_homepage() in /var/www/html/Imperial/wp-content/themes/Imperial/index.php:3
Stack trace:
#0 /var/www/html/Imperial/wp-includes/template-loader.php(106): include()
#1 /var/www/html/Imperial/wp-blog-header.php(19): require_once('/var/www/html/I...')
#2 /var/www/html/Imperial/index.php(17): require('/var/www/html/I...')
#3 {main}
  thrown in /var/www/html/Imperial/wp-content/themes/Imperial/index.php on line 3

2021-08-18T19:35:14+00:00 CRITICAL Uncaught Error: Call to undefined function get_homepage() in /var/www/html/Imperial/wp-content/themes/Imperial/index.php:3
Stack trace:
#0 /var/www/html/Imperial/wp-includes/template-loader.php(106): include()
#1 /var/www/html/Imperial/wp-blog-header.php(19): require_once('/var/www/html/I...')
#2 /var/www/html/Imperial/index.php(17): require('/var/www/html/I...')
#3 {main}
  thrown in /var/www/html/Imperial/wp-content/themes/Imperial/index.php on line 3

2021-08-18T19:36:37+00:00 CRITICAL Uncaught Error: Call to undefined function get_homepage() in /var/www/html/Imperial/wp-content/themes/Imperial/index.php:3
Stack trace:
#0 /var/www/html/Imperial/wp-includes/template-loader.php(106): include()
#1 /var/www/html/Imperial/wp-blog-header.php(19): require_once('/var/www/html/I...')
#2 /var/www/html/Imperial/index.php(17): require('/var/www/html/I...')
#3 {main}
  thrown in /var/www/html/Imperial/wp-content/themes/Imperial/index.php on line 3

2021-08-18T19:36:39+00:00 CRITICAL Uncaught Error: Call to undefined function get_homepage() in /var/www/html/Imperial/wp-content/themes/Imperial/index.php:3
Stack trace:
#0 /var/www/html/Imperial/wp-includes/template-loader.php(106): include()
#1 /var/www/html/Imperial/wp-blog-header.php(19): require_once('/var/www/html/I...')
#2 /var/www/html/Imperial/index.php(17): require('/var/www/html/I...')
#3 {main}
  thrown in /var/www/html/Imperial/wp-content/themes/Imperial/index.php on line 3

2021-08-18T19:37:38+00:00 CRITICAL Uncaught Error: Call to undefined function get_homepage() in /var/www/html/Imperial/wp-content/themes/Imperial/index.php:3
Stack trace:
#0 /var/www/html/Imperial/wp-includes/template-loader.php(106): include()
#1 /var/www/html/Imperial/wp-blog-header.php(19): require_once('/var/www/html/I...')
#2 /var/www/html/Imperial/index.php(17): require('/var/www/html/I...')
#3 {main}
  thrown in /var/www/html/Imperial/wp-content/themes/Imperial/index.php on line 3

2021-08-18T19:38:00+00:00 CRITICAL Uncaught Error: Call to undefined function get_homepage() in /var/www/html/Imperial/wp-content/themes/Imperial/index.php:3
Stack trace:
#0 /var/www/html/Imperial/wp-includes/template-loader.php(106): include()
#1 /var/www/html/Imperial/wp-blog-header.php(19): require_once('/var/www/html/I...')
#2 /var/www/html/Imperial/index.php(17): require('/var/www/html/I...')
#3 {main}
  thrown in /var/www/html/Imperial/wp-content/themes/Imperial/index.php on line 3

2021-08-18T19:38:09+00:00 CRITICAL Uncaught Error: Call to undefined function get_homepage() in /var/www/html/Imperial/wp-content/themes/Imperial/index.php:3
Stack trace:
#0 /var/www/html/Imperial/wp-includes/template-loader.php(106): include()
#1 /var/www/html/Imperial/wp-blog-header.php(19): require_once('/var/www/html/I...')
#2 /var/www/html/Imperial/index.php(17): require('/var/www/html/I...')
#3 {main}
  thrown in /var/www/html/Imperial/wp-content/themes/Imperial/index.php on line 3

2021-08-18T19:38:15+00:00 CRITICAL Uncaught Error: Call to undefined function get_homepage() in /var/www/html/Imperial/wp-content/themes/Imperial/index.php:3
Stack trace:
#0 /var/www/html/Imperial/wp-includes/template-loader.php(106): include()
#1 /var/www/html/Imperial/wp-blog-header.php(19): require_once('/var/www/html/I...')
#2 /var/www/html/Imperial/index.php(17): require('/var/www/html/I...')
#3 {main}
  thrown in /var/www/html/Imperial/wp-content/themes/Imperial/index.php on line 3

2021-08-18T19:38:15+00:00 CRITICAL Uncaught Error: Call to undefined function get_homepage() in /var/www/html/Imperial/wp-content/themes/Imperial/index.php:3
Stack trace:
#0 /var/www/html/Imperial/wp-includes/template-loader.php(106): include()
#1 /var/www/html/Imperial/wp-blog-header.php(19): require_once('/var/www/html/I...')
#2 /var/www/html/Imperial/index.php(17): require('/var/www/html/I...')
#3 {main}
  thrown in /var/www/html/Imperial/wp-content/themes/Imperial/index.php on line 3

2021-08-18T19:39:24+00:00 CRITICAL Uncaught Error: Call to undefined function get_homepage() in /var/www/html/Imperial/wp-content/themes/Imperial/index.php:3
Stack trace:
#0 /var/www/html/Imperial/wp-includes/template-loader.php(106): include()
#1 /var/www/html/Imperial/wp-blog-header.php(19): require_once('/var/www/html/I...')
#2 /var/www/html/Imperial/index.php(17): require('/var/www/html/I...')
#3 {main}
  thrown in /var/www/html/Imperial/wp-content/themes/Imperial/index.php on line 3

2021-08-18T19:40:08+00:00 CRITICAL Uncaught Error: Call to undefined function get_homepage() in /var/www/html/Imperial/wp-content/themes/Imperial/index.php:3
Stack trace:
#0 /var/www/html/Imperial/wp-includes/template-loader.php(106): include()
#1 /var/www/html/Imperial/wp-blog-header.php(19): require_once('/var/www/html/I...')
#2 /var/www/html/Imperial/index.php(17): require('/var/www/html/I...')
#3 {main}
  thrown in /var/www/html/Imperial/wp-content/themes/Imperial/index.php on line 3

2021-08-18T19:40:29+00:00 CRITICAL Uncaught Error: Call to undefined function get_homepage() in /var/www/html/Imperial/wp-content/themes/Imperial/index.php:3
Stack trace:
#0 /var/www/html/Imperial/wp-includes/template-loader.php(106): include()
#1 /var/www/html/Imperial/wp-blog-header.php(19): require_once('/var/www/html/I...')
#2 /var/www/html/Imperial/index.php(17): require('/var/www/html/I...')
#3 {main}
  thrown in /var/www/html/Imperial/wp-content/themes/Imperial/index.php on line 3

2021-08-18T19:41:17+00:00 CRITICAL Uncaught Error: Call to undefined function get_homepage() in /var/www/html/Imperial/wp-content/themes/Imperial/index.php:3
Stack trace:
#0 /var/www/html/Imperial/wp-includes/template-loader.php(106): include()
#1 /var/www/html/Imperial/wp-blog-header.php(19): require_once('/var/www/html/I...')
#2 /var/www/html/Imperial/index.php(17): require('/var/www/html/I...')
#3 {main}
  thrown in /var/www/html/Imperial/wp-content/themes/Imperial/index.php on line 3

2021-08-18T19:42:00+00:00 CRITICAL Uncaught Error: Call to undefined function get_homepage() in /var/www/html/Imperial/wp-content/themes/Imperial/index.php:3
Stack trace:
#0 /var/www/html/Imperial/wp-includes/template-loader.php(106): include()
#1 /var/www/html/Imperial/wp-blog-header.php(19): require_once('/var/www/html/I...')
#2 /var/www/html/Imperial/index.php(17): require('/var/www/html/I...')
#3 {main}
  thrown in /var/www/html/Imperial/wp-content/themes/Imperial/index.php on line 3

2021-08-18T19:42:04+00:00 CRITICAL Uncaught Error: Call to undefined function get_homepage() in /var/www/html/Imperial/wp-content/themes/Imperial/index.php:3
Stack trace:
#0 /var/www/html/Imperial/wp-includes/template-loader.php(106): include()
#1 /var/www/html/Imperial/wp-blog-header.php(19): require_once('/var/www/html/I...')
#2 /var/www/html/Imperial/index.php(17): require('/var/www/html/I...')
#3 {main}
  thrown in /var/www/html/Imperial/wp-content/themes/Imperial/index.php on line 3

2021-08-18T19:44:19+00:00 CRITICAL Uncaught Error: Call to undefined function get_homepage() in /var/www/html/Imperial/wp-content/themes/Imperial/index.php:3
Stack trace:
#0 /var/www/html/Imperial/wp-includes/template-loader.php(106): include()
#1 /var/www/html/Imperial/wp-blog-header.php(19): require_once('/var/www/html/I...')
#2 /var/www/html/Imperial/index.php(17): require('/var/www/html/I...')
#3 {main}
  thrown in /var/www/html/Imperial/wp-content/themes/Imperial/index.php on line 3

2021-08-18T19:44:23+00:00 CRITICAL Uncaught Error: Call to undefined function get_homepage() in /var/www/html/Imperial/wp-content/themes/Imperial/index.php:3
Stack trace:
#0 /var/www/html/Imperial/wp-includes/template-loader.php(106): include()
#1 /var/www/html/Imperial/wp-blog-header.php(19): require_once('/var/www/html/I...')
#2 /var/www/html/Imperial/index.php(17): require('/var/www/html/I...')
#3 {main}
  thrown in /var/www/html/Imperial/wp-content/themes/Imperial/index.php on line 3

2021-08-18T19:46:23+00:00 CRITICAL Uncaught Error: Call to undefined function get_homepage() in /var/www/html/Imperial/wp-content/themes/Imperial/index.php:3
Stack trace:
#0 /var/www/html/Imperial/wp-includes/template-loader.php(106): include()
#1 /var/www/html/Imperial/wp-blog-header.php(19): require_once('/var/www/html/I...')
#2 /var/www/html/Imperial/index.php(17): require('/var/www/html/I...')
#3 {main}
  thrown in /var/www/html/Imperial/wp-content/themes/Imperial/index.php on line 3

2021-08-18T19:46:33+00:00 CRITICAL Uncaught Error: Call to undefined function get_homepage() in /var/www/html/Imperial/wp-content/themes/Imperial/index.php:3
Stack trace:
#0 /var/www/html/Imperial/wp-includes/template-loader.php(106): include()
#1 /var/www/html/Imperial/wp-blog-header.php(19): require_once('/var/www/html/I...')
#2 /var/www/html/Imperial/index.php(17): require('/var/www/html/I...')
#3 {main}
  thrown in /var/www/html/Imperial/wp-content/themes/Imperial/index.php on line 3

2021-08-18T19:46:37+00:00 CRITICAL Uncaught Error: Call to undefined function get_homepage() in /var/www/html/Imperial/wp-content/themes/Imperial/index.php:3
Stack trace:
#0 /var/www/html/Imperial/wp-includes/template-loader.php(106): include()
#1 /var/www/html/Imperial/wp-blog-header.php(19): require_once('/var/www/html/I...')
#2 /var/www/html/Imperial/index.php(17): require('/var/www/html/I...')
#3 {main}
  thrown in /var/www/html/Imperial/wp-content/themes/Imperial/index.php on line 3

2021-08-18T19:46:37+00:00 CRITICAL Uncaught Error: Call to undefined function get_homepage() in /var/www/html/Imperial/wp-content/themes/Imperial/index.php:3
Stack trace:
#0 /var/www/html/Imperial/wp-includes/template-loader.php(106): include()
#1 /var/www/html/Imperial/wp-blog-header.php(19): require_once('/var/www/html/I...')
#2 /var/www/html/Imperial/index.php(17): require('/var/www/html/I...')
#3 {main}
  thrown in /var/www/html/Imperial/wp-content/themes/Imperial/index.php on line 3

2021-08-18T19:46:38+00:00 CRITICAL Uncaught Error: Call to undefined function get_homepage() in /var/www/html/Imperial/wp-content/themes/Imperial/index.php:3
Stack trace:
#0 /var/www/html/Imperial/wp-includes/template-loader.php(106): include()
#1 /var/www/html/Imperial/wp-blog-header.php(19): require_once('/var/www/html/I...')
#2 /var/www/html/Imperial/index.php(17): require('/var/www/html/I...')
#3 {main}
  thrown in /var/www/html/Imperial/wp-content/themes/Imperial/index.php on line 3

2021-08-18T19:46:38+00:00 CRITICAL Uncaught Error: Call to undefined function get_homepage() in /var/www/html/Imperial/wp-content/themes/Imperial/index.php:3
Stack trace:
#0 /var/www/html/Imperial/wp-includes/template-loader.php(106): include()
#1 /var/www/html/Imperial/wp-blog-header.php(19): require_once('/var/www/html/I...')
#2 /var/www/html/Imperial/index.php(17): require('/var/www/html/I...')
#3 {main}
  thrown in /var/www/html/Imperial/wp-content/themes/Imperial/index.php on line 3

2021-08-18T19:47:03+00:00 CRITICAL Uncaught Error: Call to undefined function get_homepage() in /var/www/html/Imperial/wp-content/themes/Imperial/index.php:3
Stack trace:
#0 /var/www/html/Imperial/wp-includes/template-loader.php(106): include()
#1 /var/www/html/Imperial/wp-blog-header.php(19): require_once('/var/www/html/I...')
#2 /var/www/html/Imperial/index.php(17): require('/var/www/html/I...')
#3 {main}
  thrown in /var/www/html/Imperial/wp-content/themes/Imperial/index.php on line 3

2021-08-18T19:47:08+00:00 CRITICAL Uncaught Error: Call to undefined function get_homepage() in /var/www/html/Imperial/wp-content/themes/Imperial/index.php:3
Stack trace:
#0 /var/www/html/Imperial/wp-includes/template-loader.php(106): include()
#1 /var/www/html/Imperial/wp-blog-header.php(19): require_once('/var/www/html/I...')
#2 /var/www/html/Imperial/index.php(17): require('/var/www/html/I...')
#3 {main}
  thrown in /var/www/html/Imperial/wp-content/themes/Imperial/index.php on line 3

2021-08-18T19:47:40+00:00 CRITICAL Uncaught Error: Call to undefined function get_homepage() in /var/www/html/Imperial/wp-content/themes/Imperial/index.php:3
Stack trace:
#0 /var/www/html/Imperial/wp-includes/template-loader.php(106): include()
#1 /var/www/html/Imperial/wp-blog-header.php(19): require_once('/var/www/html/I...')
#2 /var/www/html/Imperial/index.php(17): require('/var/www/html/I...')
#3 {main}
  thrown in /var/www/html/Imperial/wp-content/themes/Imperial/index.php on line 3

2021-08-18T19:47:40+00:00 CRITICAL Uncaught Error: Call to undefined function get_homepage() in /var/www/html/Imperial/wp-content/themes/Imperial/index.php:3
Stack trace:
#0 /var/www/html/Imperial/wp-includes/template-loader.php(106): include()
#1 /var/www/html/Imperial/wp-blog-header.php(19): require_once('/var/www/html/I...')
#2 /var/www/html/Imperial/index.php(17): require('/var/www/html/I...')
#3 {main}
  thrown in /var/www/html/Imperial/wp-content/themes/Imperial/index.php on line 3

2021-08-18T19:48:31+00:00 CRITICAL Uncaught Error: Call to undefined function get_homepage() in /var/www/html/Imperial/wp-content/themes/Imperial/index.php:3
Stack trace:
#0 /var/www/html/Imperial/wp-includes/template-loader.php(106): include()
#1 /var/www/html/Imperial/wp-blog-header.php(19): require_once('/var/www/html/I...')
#2 /var/www/html/Imperial/index.php(17): require('/var/www/html/I...')
#3 {main}
  thrown in /var/www/html/Imperial/wp-content/themes/Imperial/index.php on line 3

2021-08-18T19:48:31+00:00 CRITICAL Uncaught Error: Call to undefined function get_homepage() in /var/www/html/Imperial/wp-content/themes/Imperial/index.php:3
Stack trace:
#0 /var/www/html/Imperial/wp-includes/template-loader.php(106): include()
#1 /var/www/html/Imperial/wp-blog-header.php(19): require_once('/var/www/html/I...')
#2 /var/www/html/Imperial/index.php(17): require('/var/www/html/I...')
#3 {main}
  thrown in /var/www/html/Imperial/wp-content/themes/Imperial/index.php on line 3

2021-08-18T19:55:38+00:00 CRITICAL Uncaught Error: Call to undefined function get_homepage() in /var/www/html/Imperial/wp-content/themes/Imperial/index.php:3
Stack trace:
#0 /var/www/html/Imperial/wp-includes/template-loader.php(106): include()
#1 /var/www/html/Imperial/wp-blog-header.php(19): require_once('/var/www/html/I...')
#2 /var/www/html/Imperial/index.php(17): require('/var/www/html/I...')
#3 {main}
  thrown in /var/www/html/Imperial/wp-content/themes/Imperial/index.php on line 3

2021-08-18T19:55:38+00:00 CRITICAL Uncaught Error: Call to undefined function get_homepage() in /var/www/html/Imperial/wp-content/themes/Imperial/index.php:3
Stack trace:
#0 /var/www/html/Imperial/wp-includes/template-loader.php(106): include()
#1 /var/www/html/Imperial/wp-blog-header.php(19): require_once('/var/www/html/I...')
#2 /var/www/html/Imperial/index.php(17): require('/var/www/html/I...')
#3 {main}
  thrown in /var/www/html/Imperial/wp-content/themes/Imperial/index.php on line 3

2021-08-18T19:55:42+00:00 CRITICAL Uncaught Error: Call to undefined function get_homepage() in /var/www/html/Imperial/wp-content/themes/Imperial/index.php:3
Stack trace:
#0 /var/www/html/Imperial/wp-includes/template-loader.php(106): include()
#1 /var/www/html/Imperial/wp-blog-header.php(19): require_once('/var/www/html/I...')
#2 /var/www/html/Imperial/index.php(17): require('/var/www/html/I...')
#3 {main}
  thrown in /var/www/html/Imperial/wp-content/themes/Imperial/index.php on line 3

2021-08-18T19:55:42+00:00 CRITICAL Uncaught Error: Call to undefined function get_homepage() in /var/www/html/Imperial/wp-content/themes/Imperial/index.php:3
Stack trace:
#0 /var/www/html/Imperial/wp-includes/template-loader.php(106): include()
#1 /var/www/html/Imperial/wp-blog-header.php(19): require_once('/var/www/html/I...')
#2 /var/www/html/Imperial/index.php(17): require('/var/www/html/I...')
#3 {main}
  thrown in /var/www/html/Imperial/wp-content/themes/Imperial/index.php on line 3

2021-08-18T19:55:48+00:00 CRITICAL Uncaught Error: Call to undefined function get_homepage() in /var/www/html/Imperial/wp-content/themes/Imperial/index.php:3
Stack trace:
#0 /var/www/html/Imperial/wp-includes/template-loader.php(106): include()
#1 /var/www/html/Imperial/wp-blog-header.php(19): require_once('/var/www/html/I...')
#2 /var/www/html/Imperial/index.php(17): require('/var/www/html/I...')
#3 {main}
  thrown in /var/www/html/Imperial/wp-content/themes/Imperial/index.php on line 3

2021-08-18T19:55:51+00:00 CRITICAL Uncaught Error: Call to undefined function get_homepage() in /var/www/html/Imperial/wp-content/themes/Imperial/index.php:3
Stack trace:
#0 /var/www/html/Imperial/wp-includes/template-loader.php(106): include()
#1 /var/www/html/Imperial/wp-blog-header.php(19): require_once('/var/www/html/I...')
#2 /var/www/html/Imperial/index.php(17): require('/var/www/html/I...')
#3 {main}
  thrown in /var/www/html/Imperial/wp-content/themes/Imperial/index.php on line 3

2021-08-18T19:55:51+00:00 CRITICAL Uncaught Error: Call to undefined function get_homepage() in /var/www/html/Imperial/wp-content/themes/Imperial/index.php:3
Stack trace:
#0 /var/www/html/Imperial/wp-includes/template-loader.php(106): include()
#1 /var/www/html/Imperial/wp-blog-header.php(19): require_once('/var/www/html/I...')
#2 /var/www/html/Imperial/index.php(17): require('/var/www/html/I...')
#3 {main}
  thrown in /var/www/html/Imperial/wp-content/themes/Imperial/index.php on line 3

2021-08-18T19:57:20+00:00 CRITICAL Uncaught Error: Call to undefined function get_homepage() in /var/www/html/Imperial/wp-content/themes/Imperial/index.php:3
Stack trace:
#0 /var/www/html/Imperial/wp-includes/template-loader.php(106): include()
#1 /var/www/html/Imperial/wp-blog-header.php(19): require_once('/var/www/html/I...')
#2 /var/www/html/Imperial/index.php(17): require('/var/www/html/I...')
#3 {main}
  thrown in /var/www/html/Imperial/wp-content/themes/Imperial/index.php on line 3

2021-08-18T19:57:20+00:00 CRITICAL Uncaught Error: Call to undefined function get_homepage() in /var/www/html/Imperial/wp-content/themes/Imperial/index.php:3
Stack trace:
#0 /var/www/html/Imperial/wp-includes/template-loader.php(106): include()
#1 /var/www/html/Imperial/wp-blog-header.php(19): require_once('/var/www/html/I...')
#2 /var/www/html/Imperial/index.php(17): require('/var/www/html/I...')
#3 {main}
  thrown in /var/www/html/Imperial/wp-content/themes/Imperial/index.php on line 3

2021-08-18T19:58:20+00:00 CRITICAL Uncaught Error: Call to undefined function get_homepage() in /var/www/html/Imperial/wp-content/themes/Imperial/index.php:3
Stack trace:
#0 /var/www/html/Imperial/wp-includes/template-loader.php(106): include()
#1 /var/www/html/Imperial/wp-blog-header.php(19): require_once('/var/www/html/I...')
#2 /var/www/html/Imperial/index.php(17): require('/var/www/html/I...')
#3 {main}
  thrown in /var/www/html/Imperial/wp-content/themes/Imperial/index.php on line 3

2021-08-18T19:58:20+00:00 CRITICAL Uncaught Error: Call to undefined function get_homepage() in /var/www/html/Imperial/wp-content/themes/Imperial/index.php:3
Stack trace:
#0 /var/www/html/Imperial/wp-includes/template-loader.php(106): include()
#1 /var/www/html/Imperial/wp-blog-header.php(19): require_once('/var/www/html/I...')
#2 /var/www/html/Imperial/index.php(17): require('/var/www/html/I...')
#3 {main}
  thrown in /var/www/html/Imperial/wp-content/themes/Imperial/index.php on line 3

2021-08-18T19:58:24+00:00 CRITICAL Uncaught Error: Call to undefined function get_homepage() in /var/www/html/Imperial/wp-content/themes/Imperial/index.php:3
Stack trace:
#0 /var/www/html/Imperial/wp-includes/template-loader.php(106): include()
#1 /var/www/html/Imperial/wp-blog-header.php(19): require_once('/var/www/html/I...')
#2 /var/www/html/Imperial/index.php(17): require('/var/www/html/I...')
#3 {main}
  thrown in /var/www/html/Imperial/wp-content/themes/Imperial/index.php on line 3

2021-08-18T19:58:24+00:00 CRITICAL Uncaught Error: Call to undefined function get_homepage() in /var/www/html/Imperial/wp-content/themes/Imperial/index.php:3
Stack trace:
#0 /var/www/html/Imperial/wp-includes/template-loader.php(106): include()
#1 /var/www/html/Imperial/wp-blog-header.php(19): require_once('/var/www/html/I...')
#2 /var/www/html/Imperial/index.php(17): require('/var/www/html/I...')
#3 {main}
  thrown in /var/www/html/Imperial/wp-content/themes/Imperial/index.php on line 3

2021-08-18T19:58:51+00:00 CRITICAL Uncaught Error: Call to undefined function get_homepage() in /var/www/html/Imperial/wp-content/themes/Imperial/index.php:3
Stack trace:
#0 /var/www/html/Imperial/wp-includes/template-loader.php(106): include()
#1 /var/www/html/Imperial/wp-blog-header.php(19): require_once('/var/www/html/I...')
#2 /var/www/html/Imperial/index.php(17): require('/var/www/html/I...')
#3 {main}
  thrown in /var/www/html/Imperial/wp-content/themes/Imperial/index.php on line 3

2021-08-18T19:58:51+00:00 CRITICAL Uncaught Error: Call to undefined function get_homepage() in /var/www/html/Imperial/wp-content/themes/Imperial/index.php:3
Stack trace:
#0 /var/www/html/Imperial/wp-includes/template-loader.php(106): include()
#1 /var/www/html/Imperial/wp-blog-header.php(19): require_once('/var/www/html/I...')
#2 /var/www/html/Imperial/index.php(17): require('/var/www/html/I...')
#3 {main}
  thrown in /var/www/html/Imperial/wp-content/themes/Imperial/index.php on line 3

2021-08-18T19:59:12+00:00 CRITICAL Uncaught Error: Call to undefined function get_homepage() in /var/www/html/Imperial/wp-content/themes/Imperial/index.php:3
Stack trace:
#0 /var/www/html/Imperial/wp-includes/template-loader.php(106): include()
#1 /var/www/html/Imperial/wp-blog-header.php(19): require_once('/var/www/html/I...')
#2 /var/www/html/Imperial/index.php(17): require('/var/www/html/I...')
#3 {main}
  thrown in /var/www/html/Imperial/wp-content/themes/Imperial/index.php on line 3

2021-08-18T19:59:12+00:00 CRITICAL Uncaught Error: Call to undefined function get_homepage() in /var/www/html/Imperial/wp-content/themes/Imperial/index.php:3
Stack trace:
#0 /var/www/html/Imperial/wp-includes/template-loader.php(106): include()
#1 /var/www/html/Imperial/wp-blog-header.php(19): require_once('/var/www/html/I...')
#2 /var/www/html/Imperial/index.php(17): require('/var/www/html/I...')
#3 {main}
  thrown in /var/www/html/Imperial/wp-content/themes/Imperial/index.php on line 3

2021-08-18T20:00:55+00:00 CRITICAL Uncaught Error: Call to undefined function get_homepage() in /var/www/html/Imperial/wp-content/themes/Imperial/index.php:3
Stack trace:
#0 /var/www/html/Imperial/wp-includes/template-loader.php(106): include()
#1 /var/www/html/Imperial/wp-blog-header.php(19): require_once('/var/www/html/I...')
#2 /var/www/html/Imperial/index.php(17): require('/var/www/html/I...')
#3 {main}
  thrown in /var/www/html/Imperial/wp-content/themes/Imperial/index.php on line 3

2021-08-18T20:00:55+00:00 CRITICAL Uncaught Error: Call to undefined function get_homepage() in /var/www/html/Imperial/wp-content/themes/Imperial/index.php:3
Stack trace:
#0 /var/www/html/Imperial/wp-includes/template-loader.php(106): include()
#1 /var/www/html/Imperial/wp-blog-header.php(19): require_once('/var/www/html/I...')
#2 /var/www/html/Imperial/index.php(17): require('/var/www/html/I...')
#3 {main}
  thrown in /var/www/html/Imperial/wp-content/themes/Imperial/index.php on line 3

2021-08-18T20:00:59+00:00 CRITICAL Uncaught Error: Call to undefined function get_homepage() in /var/www/html/Imperial/wp-content/themes/Imperial/index.php:3
Stack trace:
#0 /var/www/html/Imperial/wp-includes/template-loader.php(106): include()
#1 /var/www/html/Imperial/wp-blog-header.php(19): require_once('/var/www/html/I...')
#2 /var/www/html/Imperial/index.php(17): require('/var/www/html/I...')
#3 {main}
  thrown in /var/www/html/Imperial/wp-content/themes/Imperial/index.php on line 3

2021-08-18T20:00:59+00:00 CRITICAL Uncaught Error: Call to undefined function get_homepage() in /var/www/html/Imperial/wp-content/themes/Imperial/index.php:3
Stack trace:
#0 /var/www/html/Imperial/wp-includes/template-loader.php(106): include()
#1 /var/www/html/Imperial/wp-blog-header.php(19): require_once('/var/www/html/I...')
#2 /var/www/html/Imperial/index.php(17): require('/var/www/html/I...')
#3 {main}
  thrown in /var/www/html/Imperial/wp-content/themes/Imperial/index.php on line 3

2021-08-18T20:03:47+00:00 CRITICAL Uncaught Error: Call to undefined function get_homepage() in /var/www/html/Imperial/wp-content/themes/Imperial/index.php:3
Stack trace:
#0 /var/www/html/Imperial/wp-includes/template-loader.php(106): include()
#1 /var/www/html/Imperial/wp-blog-header.php(19): require_once('/var/www/html/I...')
#2 /var/www/html/Imperial/index.php(17): require('/var/www/html/I...')
#3 {main}
  thrown in /var/www/html/Imperial/wp-content/themes/Imperial/index.php on line 3

2021-08-18T20:03:47+00:00 CRITICAL Uncaught Error: Call to undefined function get_homepage() in /var/www/html/Imperial/wp-content/themes/Imperial/index.php:3
Stack trace:
#0 /var/www/html/Imperial/wp-includes/template-loader.php(106): include()
#1 /var/www/html/Imperial/wp-blog-header.php(19): require_once('/var/www/html/I...')
#2 /var/www/html/Imperial/index.php(17): require('/var/www/html/I...')
#3 {main}
  thrown in /var/www/html/Imperial/wp-content/themes/Imperial/index.php on line 3

2021-08-18T20:04:00+00:00 CRITICAL Uncaught Error: Call to undefined function get_homepage() in /var/www/html/Imperial/wp-content/themes/Imperial/index.php:3
Stack trace:
#0 /var/www/html/Imperial/wp-includes/template-loader.php(106): include()
#1 /var/www/html/Imperial/wp-blog-header.php(19): require_once('/var/www/html/I...')
#2 /var/www/html/Imperial/index.php(17): require('/var/www/html/I...')
#3 {main}
  thrown in /var/www/html/Imperial/wp-content/themes/Imperial/index.php on line 3

2021-08-18T20:04:00+00:00 CRITICAL Uncaught Error: Call to undefined function get_homepage() in /var/www/html/Imperial/wp-content/themes/Imperial/index.php:3
Stack trace:
#0 /var/www/html/Imperial/wp-includes/template-loader.php(106): include()
#1 /var/www/html/Imperial/wp-blog-header.php(19): require_once('/var/www/html/I...')
#2 /var/www/html/Imperial/index.php(17): require('/var/www/html/I...')
#3 {main}
  thrown in /var/www/html/Imperial/wp-content/themes/Imperial/index.php on line 3

2021-08-18T20:04:05+00:00 CRITICAL Uncaught Error: Call to undefined function get_homepage() in /var/www/html/Imperial/wp-content/themes/Imperial/index.php:3
Stack trace:
#0 /var/www/html/Imperial/wp-includes/template-loader.php(106): include()
#1 /var/www/html/Imperial/wp-blog-header.php(19): require_once('/var/www/html/I...')
#2 /var/www/html/Imperial/index.php(17): require('/var/www/html/I...')
#3 {main}
  thrown in /var/www/html/Imperial/wp-content/themes/Imperial/index.php on line 3

2021-08-18T20:04:06+00:00 CRITICAL Uncaught Error: Call to undefined function get_homepage() in /var/www/html/Imperial/wp-content/themes/Imperial/index.php:3
Stack trace:
#0 /var/www/html/Imperial/wp-includes/template-loader.php(106): include()
#1 /var/www/html/Imperial/wp-blog-header.php(19): require_once('/var/www/html/I...')
#2 /var/www/html/Imperial/index.php(17): require('/var/www/html/I...')
#3 {main}
  thrown in /var/www/html/Imperial/wp-content/themes/Imperial/index.php on line 3

2021-08-18T20:04:11+00:00 CRITICAL Uncaught Error: Call to undefined function get_homepage() in /var/www/html/Imperial/wp-content/themes/Imperial/index.php:3
Stack trace:
#0 /var/www/html/Imperial/wp-includes/template-loader.php(106): include()
#1 /var/www/html/Imperial/wp-blog-header.php(19): require_once('/var/www/html/I...')
#2 /var/www/html/Imperial/index.php(17): require('/var/www/html/I...')
#3 {main}
  thrown in /var/www/html/Imperial/wp-content/themes/Imperial/index.php on line 3

2021-08-18T20:04:12+00:00 CRITICAL Uncaught Error: Call to undefined function get_homepage() in /var/www/html/Imperial/wp-content/themes/Imperial/index.php:3
Stack trace:
#0 /var/www/html/Imperial/wp-includes/template-loader.php(106): include()
#1 /var/www/html/Imperial/wp-blog-header.php(19): require_once('/var/www/html/I...')
#2 /var/www/html/Imperial/index.php(17): require('/var/www/html/I...')
#3 {main}
  thrown in /var/www/html/Imperial/wp-content/themes/Imperial/index.php on line 3

2021-08-18T20:04:16+00:00 CRITICAL Uncaught Error: Call to undefined function get_homepage() in /var/www/html/Imperial/wp-content/themes/Imperial/index.php:3
Stack trace:
#0 /var/www/html/Imperial/wp-includes/template-loader.php(106): include()
#1 /var/www/html/Imperial/wp-blog-header.php(19): require_once('/var/www/html/I...')
#2 /var/www/html/Imperial/index.php(17): require('/var/www/html/I...')
#3 {main}
  thrown in /var/www/html/Imperial/wp-content/themes/Imperial/index.php on line 3

2021-08-18T20:04:24+00:00 CRITICAL Uncaught Error: Call to undefined function get_homepage() in /var/www/html/Imperial/wp-content/themes/Imperial/index.php:3
Stack trace:
#0 /var/www/html/Imperial/wp-includes/template-loader.php(106): include()
#1 /var/www/html/Imperial/wp-blog-header.php(19): require_once('/var/www/html/I...')
#2 /var/www/html/Imperial/index.php(17): require('/var/www/html/I...')
#3 {main}
  thrown in /var/www/html/Imperial/wp-content/themes/Imperial/index.php on line 3

2021-08-18T20:09:32+00:00 CRITICAL Uncaught Error: Call to undefined function get_homepage() in /var/www/html/Imperial/wp-content/themes/Imperial/index.php:3
Stack trace:
#0 /var/www/html/Imperial/wp-includes/template-loader.php(106): include()
#1 /var/www/html/Imperial/wp-blog-header.php(19): require_once('/var/www/html/I...')
#2 /var/www/html/Imperial/index.php(17): require('/var/www/html/I...')
#3 {main}
  thrown in /var/www/html/Imperial/wp-content/themes/Imperial/index.php on line 3

2021-08-18T20:09:32+00:00 CRITICAL Uncaught Error: Call to undefined function get_homepage() in /var/www/html/Imperial/wp-content/themes/Imperial/index.php:3
Stack trace:
#0 /var/www/html/Imperial/wp-includes/template-loader.php(106): include()
#1 /var/www/html/Imperial/wp-blog-header.php(19): require_once('/var/www/html/I...')
#2 /var/www/html/Imperial/index.php(17): require('/var/www/html/I...')
#3 {main}
  thrown in /var/www/html/Imperial/wp-content/themes/Imperial/index.php on line 3

2021-08-18T20:09:39+00:00 CRITICAL Uncaught Error: Call to undefined function get_homepage() in /var/www/html/Imperial/wp-content/themes/Imperial/index.php:3
Stack trace:
#0 /var/www/html/Imperial/wp-includes/template-loader.php(106): include()
#1 /var/www/html/Imperial/wp-blog-header.php(19): require_once('/var/www/html/I...')
#2 /var/www/html/Imperial/index.php(17): require('/var/www/html/I...')
#3 {main}
  thrown in /var/www/html/Imperial/wp-content/themes/Imperial/index.php on line 3

2021-08-18T20:09:45+00:00 CRITICAL Uncaught Error: Call to undefined function get_homepage() in /var/www/html/Imperial/wp-content/themes/Imperial/index.php:3
Stack trace:
#0 /var/www/html/Imperial/wp-includes/template-loader.php(106): include()
#1 /var/www/html/Imperial/wp-blog-header.php(19): require_once('/var/www/html/I...')
#2 /var/www/html/Imperial/index.php(17): require('/var/www/html/I...')
#3 {main}
  thrown in /var/www/html/Imperial/wp-content/themes/Imperial/index.php on line 3

2021-08-18T20:09:51+00:00 CRITICAL Uncaught Error: Call to undefined function get_homepage() in /var/www/html/Imperial/wp-content/themes/Imperial/index.php:3
Stack trace:
#0 /var/www/html/Imperial/wp-includes/template-loader.php(106): include()
#1 /var/www/html/Imperial/wp-blog-header.php(19): require_once('/var/www/html/I...')
#2 /var/www/html/Imperial/index.php(17): require('/var/www/html/I...')
#3 {main}
  thrown in /var/www/html/Imperial/wp-content/themes/Imperial/index.php on line 3

2021-08-18T20:09:54+00:00 CRITICAL Uncaught Error: Call to undefined function get_homepage() in /var/www/html/Imperial/wp-content/themes/Imperial/index.php:3
Stack trace:
#0 /var/www/html/Imperial/wp-includes/template-loader.php(106): include()
#1 /var/www/html/Imperial/wp-blog-header.php(19): require_once('/var/www/html/I...')
#2 /var/www/html/Imperial/index.php(17): require('/var/www/html/I...')
#3 {main}
  thrown in /var/www/html/Imperial/wp-content/themes/Imperial/index.php on line 3

2021-08-18T20:09:54+00:00 CRITICAL Uncaught Error: Call to undefined function get_homepage() in /var/www/html/Imperial/wp-content/themes/Imperial/index.php:3
Stack trace:
#0 /var/www/html/Imperial/wp-includes/template-loader.php(106): include()
#1 /var/www/html/Imperial/wp-blog-header.php(19): require_once('/var/www/html/I...')
#2 /var/www/html/Imperial/index.php(17): require('/var/www/html/I...')
#3 {main}
  thrown in /var/www/html/Imperial/wp-content/themes/Imperial/index.php on line 3

2021-08-18T20:09:59+00:00 CRITICAL Uncaught Error: Call to undefined function get_homepage() in /var/www/html/Imperial/wp-content/themes/Imperial/index.php:3
Stack trace:
#0 /var/www/html/Imperial/wp-includes/template-loader.php(106): include()
#1 /var/www/html/Imperial/wp-blog-header.php(19): require_once('/var/www/html/I...')
#2 /var/www/html/Imperial/index.php(17): require('/var/www/html/I...')
#3 {main}
  thrown in /var/www/html/Imperial/wp-content/themes/Imperial/index.php on line 3

2021-08-18T20:10:02+00:00 CRITICAL Uncaught Error: Call to undefined function get_homepage() in /var/www/html/Imperial/wp-content/themes/Imperial/index.php:3
Stack trace:
#0 /var/www/html/Imperial/wp-includes/template-loader.php(106): include()
#1 /var/www/html/Imperial/wp-blog-header.php(19): require_once('/var/www/html/I...')
#2 /var/www/html/Imperial/index.php(17): require('/var/www/html/I...')
#3 {main}
  thrown in /var/www/html/Imperial/wp-content/themes/Imperial/index.php on line 3

2021-08-18T20:10:04+00:00 CRITICAL Uncaught Error: Call to undefined function get_homepage() in /var/www/html/Imperial/wp-content/themes/Imperial/index.php:3
Stack trace:
#0 /var/www/html/Imperial/wp-includes/template-loader.php(106): include()
#1 /var/www/html/Imperial/wp-blog-header.php(19): require_once('/var/www/html/I...')
#2 /var/www/html/Imperial/index.php(17): require('/var/www/html/I...')
#3 {main}
  thrown in /var/www/html/Imperial/wp-content/themes/Imperial/index.php on line 3

2021-08-18T20:10:09+00:00 CRITICAL Uncaught Error: Call to undefined function get_homepage() in /var/www/html/Imperial/wp-content/themes/Imperial/index.php:3
Stack trace:
#0 /var/www/html/Imperial/wp-includes/template-loader.php(106): include()
#1 /var/www/html/Imperial/wp-blog-header.php(19): require_once('/var/www/html/I...')
#2 /var/www/html/Imperial/index.php(17): require('/var/www/html/I...')
#3 {main}
  thrown in /var/www/html/Imperial/wp-content/themes/Imperial/index.php on line 3

2021-08-18T20:10:12+00:00 CRITICAL Uncaught Error: Call to undefined function get_homepage() in /var/www/html/Imperial/wp-content/themes/Imperial/index.php:3
Stack trace:
#0 /var/www/html/Imperial/wp-includes/template-loader.php(106): include()
#1 /var/www/html/Imperial/wp-blog-header.php(19): require_once('/var/www/html/I...')
#2 /var/www/html/Imperial/index.php(17): require('/var/www/html/I...')
#3 {main}
  thrown in /var/www/html/Imperial/wp-content/themes/Imperial/index.php on line 3

2021-08-18T20:10:14+00:00 CRITICAL Uncaught Error: Call to undefined function get_homepage() in /var/www/html/Imperial/wp-content/themes/Imperial/index.php:3
Stack trace:
#0 /var/www/html/Imperial/wp-includes/template-loader.php(106): include()
#1 /var/www/html/Imperial/wp-blog-header.php(19): require_once('/var/www/html/I...')
#2 /var/www/html/Imperial/index.php(17): require('/var/www/html/I...')
#3 {main}
  thrown in /var/www/html/Imperial/wp-content/themes/Imperial/index.php on line 3

2021-08-18T20:10:14+00:00 CRITICAL Uncaught Error: Call to undefined function get_homepage() in /var/www/html/Imperial/wp-content/themes/Imperial/index.php:3
Stack trace:
#0 /var/www/html/Imperial/wp-includes/template-loader.php(106): include()
#1 /var/www/html/Imperial/wp-blog-header.php(19): require_once('/var/www/html/I...')
#2 /var/www/html/Imperial/index.php(17): require('/var/www/html/I...')
#3 {main}
  thrown in /var/www/html/Imperial/wp-content/themes/Imperial/index.php on line 3

2021-08-18T20:10:19+00:00 CRITICAL Uncaught Error: Call to undefined function get_homepage() in /var/www/html/Imperial/wp-content/themes/Imperial/index.php:3
Stack trace:
#0 /var/www/html/Imperial/wp-includes/template-loader.php(106): include()
#1 /var/www/html/Imperial/wp-blog-header.php(19): require_once('/var/www/html/I...')
#2 /var/www/html/Imperial/index.php(17): require('/var/www/html/I...')
#3 {main}
  thrown in /var/www/html/Imperial/wp-content/themes/Imperial/index.php on line 3

2021-08-18T20:10:19+00:00 CRITICAL Uncaught Error: Call to undefined function get_homepage() in /var/www/html/Imperial/wp-content/themes/Imperial/index.php:3
Stack trace:
#0 /var/www/html/Imperial/wp-includes/template-loader.php(106): include()
#1 /var/www/html/Imperial/wp-blog-header.php(19): require_once('/var/www/html/I...')
#2 /var/www/html/Imperial/index.php(17): require('/var/www/html/I...')
#3 {main}
  thrown in /var/www/html/Imperial/wp-content/themes/Imperial/index.php on line 3

2021-08-18T20:12:24+00:00 CRITICAL Uncaught Error: Call to undefined function get_homepage() in /var/www/html/Imperial/wp-content/themes/Imperial/index.php:3
Stack trace:
#0 /var/www/html/Imperial/wp-includes/template-loader.php(106): include()
#1 /var/www/html/Imperial/wp-blog-header.php(19): require_once('/var/www/html/I...')
#2 /var/www/html/Imperial/index.php(17): require('/var/www/html/I...')
#3 {main}
  thrown in /var/www/html/Imperial/wp-content/themes/Imperial/index.php on line 3

2021-08-18T20:12:25+00:00 CRITICAL Uncaught Error: Call to undefined function get_homepage() in /var/www/html/Imperial/wp-content/themes/Imperial/index.php:3
Stack trace:
#0 /var/www/html/Imperial/wp-includes/template-loader.php(106): include()
#1 /var/www/html/Imperial/wp-blog-header.php(19): require_once('/var/www/html/I...')
#2 /var/www/html/Imperial/index.php(17): require('/var/www/html/I...')
#3 {main}
  thrown in /var/www/html/Imperial/wp-content/themes/Imperial/index.php on line 3

2021-08-18T20:12:28+00:00 CRITICAL Uncaught Error: Call to undefined function get_homepage() in /var/www/html/Imperial/wp-content/themes/Imperial/index.php:3
Stack trace:
#0 /var/www/html/Imperial/wp-includes/template-loader.php(106): include()
#1 /var/www/html/Imperial/wp-blog-header.php(19): require_once('/var/www/html/I...')
#2 /var/www/html/Imperial/index.php(17): require('/var/www/html/I...')
#3 {main}
  thrown in /var/www/html/Imperial/wp-content/themes/Imperial/index.php on line 3

2021-08-18T20:12:35+00:00 CRITICAL Uncaught Error: Call to undefined function get_homepage() in /var/www/html/Imperial/wp-content/themes/Imperial/index.php:3
Stack trace:
#0 /var/www/html/Imperial/wp-includes/template-loader.php(106): include()
#1 /var/www/html/Imperial/wp-blog-header.php(19): require_once('/var/www/html/I...')
#2 /var/www/html/Imperial/index.php(17): require('/var/www/html/I...')
#3 {main}
  thrown in /var/www/html/Imperial/wp-content/themes/Imperial/index.php on line 3

2021-08-18T20:13:29+00:00 CRITICAL Uncaught Error: Call to undefined function get_homepage() in /var/www/html/Imperial/wp-content/themes/Imperial/index.php:3
Stack trace:
#0 /var/www/html/Imperial/wp-includes/template-loader.php(106): include()
#1 /var/www/html/Imperial/wp-blog-header.php(19): require_once('/var/www/html/I...')
#2 /var/www/html/Imperial/index.php(17): require('/var/www/html/I...')
#3 {main}
  thrown in /var/www/html/Imperial/wp-content/themes/Imperial/index.php on line 3

2021-08-18T20:16:35+00:00 CRITICAL Uncaught Error: Call to undefined function get_homepage() in /var/www/html/Imperial/wp-content/themes/Imperial/index.php:3
Stack trace:
#0 /var/www/html/Imperial/wp-includes/template-loader.php(106): include()
#1 /var/www/html/Imperial/wp-blog-header.php(19): require_once('/var/www/html/I...')
#2 /var/www/html/Imperial/index.php(17): require('/var/www/html/I...')
#3 {main}
  thrown in /var/www/html/Imperial/wp-content/themes/Imperial/index.php on line 3

2021-08-18T20:16:35+00:00 CRITICAL Uncaught Error: Call to undefined function get_homepage() in /var/www/html/Imperial/wp-content/themes/Imperial/index.php:3
Stack trace:
#0 /var/www/html/Imperial/wp-includes/template-loader.php(106): include()
#1 /var/www/html/Imperial/wp-blog-header.php(19): require_once('/var/www/html/I...')
#2 /var/www/html/Imperial/index.php(17): require('/var/www/html/I...')
#3 {main}
  thrown in /var/www/html/Imperial/wp-content/themes/Imperial/index.php on line 3

2021-08-18T20:19:04+00:00 CRITICAL Uncaught Error: Call to undefined function get_homepage() in /var/www/html/Imperial/wp-content/themes/Imperial/index.php:3
Stack trace:
#0 /var/www/html/Imperial/wp-includes/template-loader.php(106): include()
#1 /var/www/html/Imperial/wp-blog-header.php(19): require_once('/var/www/html/I...')
#2 /var/www/html/Imperial/index.php(17): require('/var/www/html/I...')
#3 {main}
  thrown in /var/www/html/Imperial/wp-content/themes/Imperial/index.php on line 3

2021-08-18T20:19:04+00:00 CRITICAL Uncaught Error: Call to undefined function get_homepage() in /var/www/html/Imperial/wp-content/themes/Imperial/index.php:3
Stack trace:
#0 /var/www/html/Imperial/wp-includes/template-loader.php(106): include()
#1 /var/www/html/Imperial/wp-blog-header.php(19): require_once('/var/www/html/I...')
#2 /var/www/html/Imperial/index.php(17): require('/var/www/html/I...')
#3 {main}
  thrown in /var/www/html/Imperial/wp-content/themes/Imperial/index.php on line 3

2021-08-18T20:19:07+00:00 CRITICAL Uncaught Error: Call to undefined function get_homepage() in /var/www/html/Imperial/wp-content/themes/Imperial/index.php:3
Stack trace:
#0 /var/www/html/Imperial/wp-includes/template-loader.php(106): include()
#1 /var/www/html/Imperial/wp-blog-header.php(19): require_once('/var/www/html/I...')
#2 /var/www/html/Imperial/index.php(17): require('/var/www/html/I...')
#3 {main}
  thrown in /var/www/html/Imperial/wp-content/themes/Imperial/index.php on line 3

2021-08-18T20:19:07+00:00 CRITICAL Uncaught Error: Call to undefined function get_homepage() in /var/www/html/Imperial/wp-content/themes/Imperial/index.php:3
Stack trace:
#0 /var/www/html/Imperial/wp-includes/template-loader.php(106): include()
#1 /var/www/html/Imperial/wp-blog-header.php(19): require_once('/var/www/html/I...')
#2 /var/www/html/Imperial/index.php(17): require('/var/www/html/I...')
#3 {main}
  thrown in /var/www/html/Imperial/wp-content/themes/Imperial/index.php on line 3

2021-08-18T20:19:21+00:00 CRITICAL Uncaught Error: Call to undefined function get_homepage() in /var/www/html/Imperial/wp-content/themes/Imperial/index.php:3
Stack trace:
#0 /var/www/html/Imperial/wp-includes/template-loader.php(106): include()
#1 /var/www/html/Imperial/wp-blog-header.php(19): require_once('/var/www/html/I...')
#2 /var/www/html/Imperial/index.php(17): require('/var/www/html/I...')
#3 {main}
  thrown in /var/www/html/Imperial/wp-content/themes/Imperial/index.php on line 3

2021-08-18T20:19:21+00:00 CRITICAL Uncaught Error: Call to undefined function get_homepage() in /var/www/html/Imperial/wp-content/themes/Imperial/index.php:3
Stack trace:
#0 /var/www/html/Imperial/wp-includes/template-loader.php(106): include()
#1 /var/www/html/Imperial/wp-blog-header.php(19): require_once('/var/www/html/I...')
#2 /var/www/html/Imperial/index.php(17): require('/var/www/html/I...')
#3 {main}
  thrown in /var/www/html/Imperial/wp-content/themes/Imperial/index.php on line 3

2021-08-18T20:19:26+00:00 CRITICAL Uncaught Error: Call to undefined function get_homepage() in /var/www/html/Imperial/wp-content/themes/Imperial/index.php:3
Stack trace:
#0 /var/www/html/Imperial/wp-includes/template-loader.php(106): include()
#1 /var/www/html/Imperial/wp-blog-header.php(19): require_once('/var/www/html/I...')
#2 /var/www/html/Imperial/index.php(17): require('/var/www/html/I...')
#3 {main}
  thrown in /var/www/html/Imperial/wp-content/themes/Imperial/index.php on line 3

2021-08-18T20:19:36+00:00 CRITICAL Uncaught Error: Call to undefined function get_homepage() in /var/www/html/Imperial/wp-content/themes/Imperial/index.php:3
Stack trace:
#0 /var/www/html/Imperial/wp-includes/template-loader.php(106): include()
#1 /var/www/html/Imperial/wp-blog-header.php(19): require_once('/var/www/html/I...')
#2 /var/www/html/Imperial/index.php(17): require('/var/www/html/I...')
#3 {main}
  thrown in /var/www/html/Imperial/wp-content/themes/Imperial/index.php on line 3

2021-08-18T20:19:36+00:00 CRITICAL Uncaught Error: Call to undefined function get_homepage() in /var/www/html/Imperial/wp-content/themes/Imperial/index.php:3
Stack trace:
#0 /var/www/html/Imperial/wp-includes/template-loader.php(106): include()
#1 /var/www/html/Imperial/wp-blog-header.php(19): require_once('/var/www/html/I...')
#2 /var/www/html/Imperial/index.php(17): require('/var/www/html/I...')
#3 {main}
  thrown in /var/www/html/Imperial/wp-content/themes/Imperial/index.php on line 3

2021-08-18T20:20:22+00:00 CRITICAL Uncaught Error: Call to undefined function get_homepage() in /var/www/html/Imperial/wp-content/themes/Imperial/index.php:3
Stack trace:
#0 /var/www/html/Imperial/wp-includes/template-loader.php(106): include()
#1 /var/www/html/Imperial/wp-blog-header.php(19): require_once('/var/www/html/I...')
#2 /var/www/html/Imperial/index.php(17): require('/var/www/html/I...')
#3 {main}
  thrown in /var/www/html/Imperial/wp-content/themes/Imperial/index.php on line 3

2021-08-18T20:21:13+00:00 CRITICAL Uncaught Error: Call to undefined function get_homepage() in /var/www/html/Imperial/wp-content/themes/Imperial/index.php:3
Stack trace:
#0 /var/www/html/Imperial/wp-includes/template-loader.php(106): include()
#1 /var/www/html/Imperial/wp-blog-header.php(19): require_once('/var/www/html/I...')
#2 /var/www/html/Imperial/index.php(17): require('/var/www/html/I...')
#3 {main}
  thrown in /var/www/html/Imperial/wp-content/themes/Imperial/index.php on line 3

2021-08-18T20:25:27+00:00 CRITICAL Uncaught Error: Call to undefined function get_homepage() in /var/www/html/Imperial/wp-content/themes/Imperial/index.php:3
Stack trace:
#0 /var/www/html/Imperial/wp-includes/template-loader.php(106): include()
#1 /var/www/html/Imperial/wp-blog-header.php(19): require_once('/var/www/html/I...')
#2 /var/www/html/Imperial/index.php(17): require('/var/www/html/I...')
#3 {main}
  thrown in /var/www/html/Imperial/wp-content/themes/Imperial/index.php on line 3

2021-08-18T20:25:33+00:00 CRITICAL Uncaught Error: Call to undefined function get_homepage() in /var/www/html/Imperial/wp-content/themes/Imperial/index.php:3
Stack trace:
#0 /var/www/html/Imperial/wp-includes/template-loader.php(106): include()
#1 /var/www/html/Imperial/wp-blog-header.php(19): require_once('/var/www/html/I...')
#2 /var/www/html/Imperial/index.php(17): require('/var/www/html/I...')
#3 {main}
  thrown in /var/www/html/Imperial/wp-content/themes/Imperial/index.php on line 3

2021-08-18T20:34:17+00:00 CRITICAL Uncaught Error: Call to undefined function get_homepage() in /var/www/html/Imperial/wp-content/themes/Imperial/index.php:3
Stack trace:
#0 /var/www/html/Imperial/wp-includes/template-loader.php(106): include()
#1 /var/www/html/Imperial/wp-blog-header.php(19): require_once('/var/www/html/I...')
#2 /var/www/html/Imperial/index.php(17): require('/var/www/html/I...')
#3 {main}
  thrown in /var/www/html/Imperial/wp-content/themes/Imperial/index.php on line 3

2021-08-18T20:34:17+00:00 CRITICAL Uncaught Error: Call to undefined function get_homepage() in /var/www/html/Imperial/wp-content/themes/Imperial/index.php:3
Stack trace:
#0 /var/www/html/Imperial/wp-includes/template-loader.php(106): include()
#1 /var/www/html/Imperial/wp-blog-header.php(19): require_once('/var/www/html/I...')
#2 /var/www/html/Imperial/index.php(17): require('/var/www/html/I...')
#3 {main}
  thrown in /var/www/html/Imperial/wp-content/themes/Imperial/index.php on line 3

2021-08-18T20:34:53+00:00 CRITICAL Uncaught Error: Call to undefined function get_homepage() in /var/www/html/Imperial/wp-content/themes/Imperial/index.php:22
Stack trace:
#0 /var/www/html/Imperial/wp-includes/template-loader.php(106): include()
#1 /var/www/html/Imperial/wp-blog-header.php(19): require_once('/var/www/html/I...')
#2 /var/www/html/Imperial/index.php(17): require('/var/www/html/I...')
#3 {main}
  thrown in /var/www/html/Imperial/wp-content/themes/Imperial/index.php on line 22

2021-08-18T20:34:53+00:00 CRITICAL Uncaught Error: Call to undefined function get_homepage() in /var/www/html/Imperial/wp-content/themes/Imperial/index.php:22
Stack trace:
#0 /var/www/html/Imperial/wp-includes/template-loader.php(106): include()
#1 /var/www/html/Imperial/wp-blog-header.php(19): require_once('/var/www/html/I...')
#2 /var/www/html/Imperial/index.php(17): require('/var/www/html/I...')
#3 {main}
  thrown in /var/www/html/Imperial/wp-content/themes/Imperial/index.php on line 22

2021-08-18T23:15:15+00:00 CRITICAL Uncaught ArgumentCountError: Too few arguments to function have_rows(), 0 passed in /var/www/html/Imperial/wp-content/themes/Imperial/posts.php on line 17 and at least 1 expected in /var/www/html/Imperial/wp-content/plugins/advanced-custom-fields/core/api.php:356
Stack trace:
#0 /var/www/html/Imperial/wp-content/themes/Imperial/posts.php(17): have_rows()
#1 /var/www/html/Imperial/wp-includes/template-loader.php(106): include('/var/www/html/I...')
#2 /var/www/html/Imperial/wp-blog-header.php(19): require_once('/var/www/html/I...')
#3 /var/www/html/Imperial/index.php(17): require('/var/www/html/I...')
#4 {main}
  thrown in /var/www/html/Imperial/wp-content/plugins/advanced-custom-fields/core/api.php on line 356

